This is pdfTeX, Version 3.1415926-2.4-1.40.13 (MiKTeX 2.9) (preloaded format=pdflatex 2013.7.20)  16 SEP 2015 11:34
entering extended mode
**ci_poster1.tex
("C:\Study\My projects\Climate-indian monsoon\MS\ci_poster1.tex"
LaTeX2e <2011/06/27>
Babel <v3.8m> and hyphenation patterns for english, afrikaans, ancientgreek, ar
abic, armenian, assamese, basque, bengali, bokmal, bulgarian, catalan, coptic, 
croatian, czech, danish, dutch, esperanto, estonian, farsi, finnish, french, ga
lician, german, german-x-2012-05-30, greek, gujarati, hindi, hungarian, iceland
ic, indonesian, interlingua, irish, italian, kannada, kurmanji, latin, latvian,
 lithuanian, malayalam, marathi, mongolian, mongolianlmc, monogreek, ngerman, n
german-x-2012-05-30, nynorsk, oriya, panjabi, pinyin, polish, portuguese, roman
ian, russian, sanskrit, serbian, slovak, slovenian, spanish, swedish, swissgerm
an, tamil, telugu, turkish, turkmen, ukenglish, ukrainian, uppersorbian, usengl
ishmax, welsh, loaded.
("C:\Study\My projects\Climate-indian monsoon\MS\baposter.cls"
Document Class: baposter 2011/11/26 v2.0 baposter class
("C:\Study\LaTeX\MikTeX 2.9\tex\latex\base\article.cls"
Document Class: article 2007/10/19 v1.4h Standard LaTeX document class
("C:\Study\LaTeX\MikTeX 2.9\tex\latex\base\size10.clo"
File: size10.clo 2007/10/19 v1.4h Standard LaTeX file (size option)
)
\c@part=\count79
\c@section=\count80
\c@subsection=\count81
\c@subsubsection=\count82
\c@paragraph=\count83
\c@subparagraph=\count84
\c@figure=\count85
\c@table=\count86
\abovecaptionskip=\skip41
\belowcaptionskip=\skip42
\bibindent=\dimen102
)
baposter: Brian Amberg, 2007, 2008, 2009, 2010, 2011 | http://www.brian-amberg.
de/uni/poster/
baposter: Reinhold Kainhofer, 2011 | http://reinhold.kainhofer.com/
\baposter@basepaperwidth=\skip43
\baposter@basepaperheight=\skip44
\baposter@basemargin=\skip45
\baposter@finalpaperwidth=\skip46
\baposter@finalpaperheight=\skip47
\baposter@finalmargin=\skip48
\headerheight=\skip49
\colwidth=\skip50
\colheight=\skip51
\baposter@@colspacing=\skip52
\baposter@box@@cornerradius=\skip53
\baposter@box@@boxheaderheight=\skip54
\baposter@box@@boxpadding=\skip55
\boxstartx=\skip56
\boxstarty=\skip57
\boxwidth=\skip58
\boxheight=\skip59
\baposter@titleimage@left@width=\skip60
\baposter@titleimage@right@width=\skip61
\baposter@titleimage@textwidth=\skip62
\baposter@box@content=\box26
\baposter@titleimage@left=\box27
\baposter@titleimage@title=\box28
\baposter@titleimage@right=\box29
Use Packages
("C:\Study\LaTeX\MikTeX 2.9\tex\latex\xkeyval\xkeyval.sty"
Package: xkeyval 2012/10/14 v2.6b package option processing (HA)

("C:\Study\LaTeX\MikTeX 2.9\tex\generic\xkeyval\xkeyval.tex"
\XKV@toks=\toks14
\XKV@tempa@toks=\toks15
\XKV@depth=\count87
File: xkeyval.tex 2012/10/14 v2.6b key=value parser (HA)

("C:\Study\LaTeX\MikTeX 2.9\tex\generic\xkeyval\keyval.tex")))
("C:\Study\LaTeX\MikTeX 2.9\tex\latex\tools\calc.sty"
Package: calc 2007/08/22 v4.3 Infix arithmetic (KKT,FJ)
\calc@Acount=\count88
\calc@Bcount=\count89
\calc@Adimen=\dimen103
\calc@Bdimen=\dimen104
\calc@Askip=\skip63
\calc@Bskip=\skip64
LaTeX Info: Redefining \setlength on input line 76.
LaTeX Info: Redefining \addtolength on input line 77.
\calc@Ccount=\count90
\calc@Cskip=\skip65
)
("C:\Study\LaTeX\MikTeX 2.9\tex\latex\xcolor\xcolor.sty"
Package: xcolor 2007/01/21 v2.11 LaTeX color extensions (UK)

("C:\Study\LaTeX\MikTeX 2.9\tex\latex\00miktex\color.cfg"
File: color.cfg 2007/01/18 v1.5 color configuration of teTeX/TeXLive
)
Package xcolor Info: Driver file: pdftex.def on input line 225.

("C:\Study\LaTeX\MikTeX 2.9\tex\latex\pdftex-def\pdftex.def"
File: pdftex.def 2011/05/27 v0.06d Graphics/color for pdfTeX

("C:\Study\LaTeX\MikTeX 2.9\tex\generic\oberdiek\infwarerr.sty"
Package: infwarerr 2010/04/08 v1.3 Providing info/warning/error messages (HO)
)
("C:\Study\LaTeX\MikTeX 2.9\tex\generic\oberdiek\ltxcmds.sty"
Package: ltxcmds 2011/11/09 v1.22 LaTeX kernel commands for general use (HO)
)
\Gread@gobject=\count91
)
Package xcolor Info: Model `cmy' substituted by `cmy0' on input line 1337.
Package xcolor Info: Model `hsb' substituted by `rgb' on input line 1341.
Package xcolor Info: Model `RGB' extended on input line 1353.
Package xcolor Info: Model `HTML' substituted by `rgb' on input line 1355.
Package xcolor Info: Model `Hsb' substituted by `hsb' on input line 1356.
Package xcolor Info: Model `tHsb' substituted by `hsb' on input line 1357.
Package xcolor Info: Model `HSB' substituted by `hsb' on input line 1358.
Package xcolor Info: Model `Gray' substituted by `gray' on input line 1359.
Package xcolor Info: Model `wave' substituted by `hsb' on input line 1360.
)
("C:\Study\LaTeX\MikTeX 2.9\tex\latex\pgf\frontendlayer\tikz.sty"
("C:\Study\LaTeX\MikTeX 2.9\tex\latex\pgf\basiclayer\pgf.sty"
("C:\Study\LaTeX\MikTeX 2.9\tex\latex\pgf\utilities\pgfrcs.sty"
("C:\Study\LaTeX\MikTeX 2.9\tex\generic\pgf\utilities\pgfutil-common.tex"
\pgfutil@everybye=\toks16
)
("C:\Study\LaTeX\MikTeX 2.9\tex\generic\pgf\utilities\pgfutil-latex.def"
\pgfutil@abb=\box30

("C:\Study\LaTeX\MikTeX 2.9\tex\latex\ms\everyshi.sty"
Package: everyshi 2001/05/15 v3.00 EveryShipout Package (MS)
))
("C:\Study\LaTeX\MikTeX 2.9\tex\generic\pgf\utilities\pgfrcs.code.tex"
Package: pgfrcs 2010/10/25 v2.10 (rcs-revision 1.24)
))
Package: pgf 2008/01/15 v2.10 (rcs-revision 1.12)

("C:\Study\LaTeX\MikTeX 2.9\tex\latex\pgf\basiclayer\pgfcore.sty"
("C:\Study\LaTeX\MikTeX 2.9\tex\latex\graphics\graphicx.sty"
Package: graphicx 1999/02/16 v1.0f Enhanced LaTeX Graphics (DPC,SPQR)

("C:\Study\LaTeX\MikTeX 2.9\tex\latex\graphics\graphics.sty"
Package: graphics 2009/02/05 v1.0o Standard LaTeX Graphics (DPC,SPQR)

("C:\Study\LaTeX\MikTeX 2.9\tex\latex\graphics\trig.sty"
Package: trig 1999/03/16 v1.09 sin cos tan (DPC)
)
("C:\Study\LaTeX\MikTeX 2.9\tex\latex\00miktex\graphics.cfg"
File: graphics.cfg 2007/01/18 v1.5 graphics configuration of teTeX/TeXLive
)
Package graphics Info: Driver file: pdftex.def on input line 91.
)
\Gin@req@height=\dimen105
\Gin@req@width=\dimen106
)
("C:\Study\LaTeX\MikTeX 2.9\tex\latex\pgf\systemlayer\pgfsys.sty"
("C:\Study\LaTeX\MikTeX 2.9\tex\generic\pgf\systemlayer\pgfsys.code.tex"
Package: pgfsys 2010/06/30 v2.10 (rcs-revision 1.37)

("C:\Study\LaTeX\MikTeX 2.9\tex\generic\pgf\utilities\pgfkeys.code.tex"
\pgfkeys@pathtoks=\toks17
\pgfkeys@temptoks=\toks18

("C:\Study\LaTeX\MikTeX 2.9\tex\generic\pgf\utilities\pgfkeysfiltered.code.tex"
\pgfkeys@tmptoks=\toks19
))
\pgf@x=\dimen107
\pgf@y=\dimen108
\pgf@xa=\dimen109
\pgf@ya=\dimen110
\pgf@xb=\dimen111
\pgf@yb=\dimen112
\pgf@xc=\dimen113
\pgf@yc=\dimen114
\w@pgf@writea=\write3
\r@pgf@reada=\read1
\c@pgf@counta=\count92
\c@pgf@countb=\count93
\c@pgf@countc=\count94
\c@pgf@countd=\count95
 ("C:\Study\LaTeX\MikTeX 2.9\tex\generic\pgf\systemlayer\pgf.cfg"
File: pgf.cfg 2008/05/14  (rcs-revision 1.7)
)
Package pgfsys Info: Driver file for pgf: pgfsys-pdftex.def on input line 900.

("C:\Study\LaTeX\MikTeX 2.9\tex\generic\pgf\systemlayer\pgfsys-pdftex.def"
File: pgfsys-pdftex.def 2009/05/22  (rcs-revision 1.26)

("C:\Study\LaTeX\MikTeX 2.9\tex\generic\pgf\systemlayer\pgfsys-common-pdf.def"
File: pgfsys-common-pdf.def 2008/05/19  (rcs-revision 1.10)
)))
("C:\Study\LaTeX\MikTeX 2.9\tex\generic\pgf\systemlayer\pgfsyssoftpath.code.tex
"
File: pgfsyssoftpath.code.tex 2008/07/18  (rcs-revision 1.7)
\pgfsyssoftpath@smallbuffer@items=\count96
\pgfsyssoftpath@bigbuffer@items=\count97
)
("C:\Study\LaTeX\MikTeX 2.9\tex\generic\pgf\systemlayer\pgfsysprotocol.code.tex
"
File: pgfsysprotocol.code.tex 2006/10/16  (rcs-revision 1.4)
)) ("C:\Study\LaTeX\MikTeX 2.9\tex\generic\pgf\basiclayer\pgfcore.code.tex"
Package: pgfcore 2010/04/11 v2.10 (rcs-revision 1.7)

("C:\Study\LaTeX\MikTeX 2.9\tex\generic\pgf\math\pgfmath.code.tex"
("C:\Study\LaTeX\MikTeX 2.9\tex\generic\pgf\math\pgfmathcalc.code.tex"
("C:\Study\LaTeX\MikTeX 2.9\tex\generic\pgf\math\pgfmathutil.code.tex")
("C:\Study\LaTeX\MikTeX 2.9\tex\generic\pgf\math\pgfmathparser.code.tex"
\pgfmath@dimen=\dimen115
\pgfmath@count=\count98
\pgfmath@box=\box31
\pgfmath@toks=\toks20
\pgfmath@stack@operand=\toks21
\pgfmath@stack@operation=\toks22
)
("C:\Study\LaTeX\MikTeX 2.9\tex\generic\pgf\math\pgfmathfunctions.code.tex"
("C:\Study\LaTeX\MikTeX 2.9\tex\generic\pgf\math\pgfmathfunctions.basic.code.te
x")
("C:\Study\LaTeX\MikTeX 2.9\tex\generic\pgf\math\pgfmathfunctions.trigonometric
.code.tex")
("C:\Study\LaTeX\MikTeX 2.9\tex\generic\pgf\math\pgfmathfunctions.random.code.t
ex")
("C:\Study\LaTeX\MikTeX 2.9\tex\generic\pgf\math\pgfmathfunctions.comparison.co
de.tex")
("C:\Study\LaTeX\MikTeX 2.9\tex\generic\pgf\math\pgfmathfunctions.base.code.tex
")
("C:\Study\LaTeX\MikTeX 2.9\tex\generic\pgf\math\pgfmathfunctions.round.code.te
x")
("C:\Study\LaTeX\MikTeX 2.9\tex\generic\pgf\math\pgfmathfunctions.misc.code.tex
"))) ("C:\Study\LaTeX\MikTeX 2.9\tex\generic\pgf\math\pgfmathfloat.code.tex"
\c@pgfmathroundto@lastzeros=\count99
))
("C:\Study\LaTeX\MikTeX 2.9\tex\generic\pgf\basiclayer\pgfcorepoints.code.tex"
File: pgfcorepoints.code.tex 2010/04/09  (rcs-revision 1.20)
\pgf@picminx=\dimen116
\pgf@picmaxx=\dimen117
\pgf@picminy=\dimen118
\pgf@picmaxy=\dimen119
\pgf@pathminx=\dimen120
\pgf@pathmaxx=\dimen121
\pgf@pathminy=\dimen122
\pgf@pathmaxy=\dimen123
\pgf@xx=\dimen124
\pgf@xy=\dimen125
\pgf@yx=\dimen126
\pgf@yy=\dimen127
\pgf@zx=\dimen128
\pgf@zy=\dimen129
)
("C:\Study\LaTeX\MikTeX 2.9\tex\generic\pgf\basiclayer\pgfcorepathconstruct.cod
e.tex"
File: pgfcorepathconstruct.code.tex 2010/08/03  (rcs-revision 1.24)
\pgf@path@lastx=\dimen130
\pgf@path@lasty=\dimen131
)
("C:\Study\LaTeX\MikTeX 2.9\tex\generic\pgf\basiclayer\pgfcorepathusage.code.te
x"
File: pgfcorepathusage.code.tex 2008/04/22  (rcs-revision 1.12)
\pgf@shorten@end@additional=\dimen132
\pgf@shorten@start@additional=\dimen133
)
("C:\Study\LaTeX\MikTeX 2.9\tex\generic\pgf\basiclayer\pgfcorescopes.code.tex"
File: pgfcorescopes.code.tex 2010/09/08  (rcs-revision 1.34)
\pgfpic=\box32
\pgf@hbox=\box33
\pgf@layerbox@main=\box34
\pgf@picture@serial@count=\count100
)
("C:\Study\LaTeX\MikTeX 2.9\tex\generic\pgf\basiclayer\pgfcoregraphicstate.code
.tex"
File: pgfcoregraphicstate.code.tex 2008/04/22  (rcs-revision 1.9)
\pgflinewidth=\dimen134
)
("C:\Study\LaTeX\MikTeX 2.9\tex\generic\pgf\basiclayer\pgfcoretransformations.c
ode.tex"
File: pgfcoretransformations.code.tex 2009/06/10  (rcs-revision 1.11)
\pgf@pt@x=\dimen135
\pgf@pt@y=\dimen136
\pgf@pt@temp=\dimen137
)
("C:\Study\LaTeX\MikTeX 2.9\tex\generic\pgf\basiclayer\pgfcorequick.code.tex"
File: pgfcorequick.code.tex 2008/10/09  (rcs-revision 1.3)
)
("C:\Study\LaTeX\MikTeX 2.9\tex\generic\pgf\basiclayer\pgfcoreobjects.code.tex"
File: pgfcoreobjects.code.tex 2006/10/11  (rcs-revision 1.2)
)
("C:\Study\LaTeX\MikTeX 2.9\tex\generic\pgf\basiclayer\pgfcorepathprocessing.co
de.tex"
File: pgfcorepathprocessing.code.tex 2008/10/09  (rcs-revision 1.8)
)
("C:\Study\LaTeX\MikTeX 2.9\tex\generic\pgf\basiclayer\pgfcorearrows.code.tex"
File: pgfcorearrows.code.tex 2008/04/23  (rcs-revision 1.11)
) ("C:\Study\LaTeX\MikTeX 2.9\tex\generic\pgf\basiclayer\pgfcoreshade.code.tex"
File: pgfcoreshade.code.tex 2008/11/23  (rcs-revision 1.13)
\pgf@max=\dimen138
\pgf@sys@shading@range@num=\count101
) ("C:\Study\LaTeX\MikTeX 2.9\tex\generic\pgf\basiclayer\pgfcoreimage.code.tex"
File: pgfcoreimage.code.tex 2010/03/25  (rcs-revision 1.16)

("C:\Study\LaTeX\MikTeX 2.9\tex\generic\pgf\basiclayer\pgfcoreexternal.code.tex
"
File: pgfcoreexternal.code.tex 2010/09/01  (rcs-revision 1.17)
\pgfexternal@startupbox=\box35
))
("C:\Study\LaTeX\MikTeX 2.9\tex\generic\pgf\basiclayer\pgfcorelayers.code.tex"
File: pgfcorelayers.code.tex 2010/08/27  (rcs-revision 1.2)
)
("C:\Study\LaTeX\MikTeX 2.9\tex\generic\pgf\basiclayer\pgfcoretransparency.code
.tex"
File: pgfcoretransparency.code.tex 2008/01/17  (rcs-revision 1.2)
)
("C:\Study\LaTeX\MikTeX 2.9\tex\generic\pgf\basiclayer\pgfcorepatterns.code.tex
"
File: pgfcorepatterns.code.tex 2009/07/02  (rcs-revision 1.3)
)))
("C:\Study\LaTeX\MikTeX 2.9\tex\generic\pgf\modules\pgfmoduleshapes.code.tex"
File: pgfmoduleshapes.code.tex 2010/09/09  (rcs-revision 1.13)
\pgfnodeparttextbox=\box36
)
("C:\Study\LaTeX\MikTeX 2.9\tex\generic\pgf\modules\pgfmoduleplot.code.tex"
File: pgfmoduleplot.code.tex 2010/10/22  (rcs-revision 1.8)
)
("C:\Study\LaTeX\MikTeX 2.9\tex\latex\pgf\compatibility\pgfcomp-version-0-65.st
y"
Package: pgfcomp-version-0-65 2007/07/03 v2.10 (rcs-revision 1.7)
\pgf@nodesepstart=\dimen139
\pgf@nodesepend=\dimen140
)
("C:\Study\LaTeX\MikTeX 2.9\tex\latex\pgf\compatibility\pgfcomp-version-1-18.st
y"
Package: pgfcomp-version-1-18 2007/07/23 v2.10 (rcs-revision 1.1)
)) ("C:\Study\LaTeX\MikTeX 2.9\tex\latex\pgf\utilities\pgffor.sty"
("C:\Study\LaTeX\MikTeX 2.9\tex\latex\pgf\utilities\pgfkeys.sty"
("C:\Study\LaTeX\MikTeX 2.9\tex\generic\pgf\utilities\pgfkeys.code.tex"))
("C:\Study\LaTeX\MikTeX 2.9\tex\generic\pgf\utilities\pgffor.code.tex"
Package: pgffor 2010/03/23 v2.10 (rcs-revision 1.18)
\pgffor@iter=\dimen141
\pgffor@skip=\dimen142
\pgffor@stack=\toks23
\pgffor@toks=\toks24
))
("C:\Study\LaTeX\MikTeX 2.9\tex\generic\pgf\frontendlayer\tikz\tikz.code.tex"
Package: tikz 2010/10/13 v2.10 (rcs-revision 1.76)

("C:\Study\LaTeX\MikTeX 2.9\tex\generic\pgf\libraries\pgflibraryplothandlers.co
de.tex"
File: pgflibraryplothandlers.code.tex 2010/05/31 v2.10 (rcs-revision 1.15)
\pgf@plot@mark@count=\count102
\pgfplotmarksize=\dimen143
)
\tikz@lastx=\dimen144
\tikz@lasty=\dimen145
\tikz@lastxsaved=\dimen146
\tikz@lastysaved=\dimen147
\tikzleveldistance=\dimen148
\tikzsiblingdistance=\dimen149
\tikz@figbox=\box37
\tikz@tempbox=\box38
\tikztreelevel=\count103
\tikznumberofchildren=\count104
\tikznumberofcurrentchild=\count105
\tikz@fig@count=\count106

("C:\Study\LaTeX\MikTeX 2.9\tex\generic\pgf\modules\pgfmodulematrix.code.tex"
File: pgfmodulematrix.code.tex 2010/08/24  (rcs-revision 1.4)
\pgfmatrixcurrentrow=\count107
\pgfmatrixcurrentcolumn=\count108
\pgf@matrix@numberofcolumns=\count109
)
\tikz@expandcount=\count110

("C:\Study\LaTeX\MikTeX 2.9\tex\generic\pgf\frontendlayer\tikz\libraries\tikzli
brarytopaths.code.tex"
File: tikzlibrarytopaths.code.tex 2008/06/17 v2.10 (rcs-revision 1.2)
))) ("C:\Study\LaTeX\MikTeX 2.9\tex\latex\base\ifthen.sty"
Package: ifthen 2001/05/26 v1.1c Standard LaTeX ifthen package (DPC)
) ("C:\Study\LaTeX\MikTeX 2.9\tex\latex\base\fontenc.sty"
Package: fontenc 2005/09/27 v1.99g Standard LaTeX package

("C:\Study\LaTeX\MikTeX 2.9\tex\latex\base\t1enc.def"
File: t1enc.def 2005/09/27 v1.99g Standard LaTeX file
LaTeX Font Info:    Redeclaring font encoding T1 on input line 43.
))
("C:\Study\LaTeX\MikTeX 2.9\tex\generic\pgf\frontendlayer\tikz\libraries\tikzli
brarydecorations.code.tex"
("C:\Study\LaTeX\MikTeX 2.9\tex\generic\pgf\modules\pgfmoduledecorations.code.t
ex"
\pgfdecoratedcompleteddistance=\dimen150
\pgfdecoratedremainingdistance=\dimen151
\pgfdecoratedinputsegmentcompleteddistance=\dimen152
\pgfdecoratedinputsegmentremainingdistance=\dimen153
\pgf@decorate@distancetomove=\dimen154
\pgf@decorate@repeatstate=\count111
\pgfdecorationsegmentamplitude=\dimen155
\pgfdecorationsegmentlength=\dimen156
)
\tikz@lib@dec@box=\box39
)
("C:\Study\LaTeX\MikTeX 2.9\tex\generic\pgf\frontendlayer\tikz\libraries\tikzli
braryfadings.code.tex"
File: tikzlibraryfadings.code.tex 2009/11/15 v2.10 (rcs-revision 1.2)

("C:\Study\LaTeX\MikTeX 2.9\tex\generic\pgf\libraries\pgflibraryfadings.code.te
x"
File: pgflibraryfadings.code.tex 2008/02/07 v2.10 (rcs-revision 1.3)
))
("C:\Study\LaTeX\MikTeX 2.9\tex\generic\pgf\frontendlayer\tikz\libraries\tikzli
brarysnakes.code.tex"
File: tikzlibrarysnakes.code.tex 2008/02/05 v2.10 (rcs-revision 1.6)


Package tikz Warning: Snakes have been superseded by decorations. Please use th
e decoration libraries instead of the snakes library on input line 14.


("C:\Study\LaTeX\MikTeX 2.9\tex\generic\pgf\frontendlayer\tikz\libraries\tikzli
brarydecorations.pathmorphing.code.tex"
("C:\Study\LaTeX\MikTeX 2.9\tex\generic\pgf\libraries\decorations\pgflibrarydec
orations.pathmorphing.code.tex"))
("C:\Study\LaTeX\MikTeX 2.9\tex\generic\pgf\frontendlayer\tikz\libraries\tikzli
brarydecorations.pathreplacing.code.tex"
("C:\Study\LaTeX\MikTeX 2.9\tex\generic\pgf\libraries\decorations\pgflibrarydec
orations.pathreplacing.code.tex"))
("C:\Study\LaTeX\MikTeX 2.9\tex\generic\pgf\frontendlayer\tikz\libraries\tikzli
brarydecorations.shapes.code.tex"
("C:\Study\LaTeX\MikTeX 2.9\tex\generic\pgf\libraries\decorations\pgflibrarydec
orations.shapes.code.tex")))
("C:\Study\LaTeX\MikTeX 2.9\tex\generic\pgf\frontendlayer\tikz\libraries\tikzli
brarycalc.code.tex"
File: tikzlibrarycalc.code.tex 2009/09/04 v2.10 (rcs-revision 1.6)
)
\baposter@movebody=\skip66
\baposter@basemarginright=\skip67
\baposter@basemarginleft=\skip68

Paperwidth=2392.87677pt
Paperheight=3383.03267pt
BasePaperwidth=717.87033pt
BasePaperheight=1014.92012pt
("C:\Study\LaTeX\MikTeX 2.9\tex\latex\geometry\geometry.sty"
Package: geometry 2010/09/12 v5.6 Page Geometry

("C:\Study\LaTeX\MikTeX 2.9\tex\generic\oberdiek\ifpdf.sty"
Package: ifpdf 2011/01/30 v2.3 Provides the ifpdf switch (HO)
Package ifpdf Info: pdfTeX in PDF mode is detected.
)
("C:\Study\LaTeX\MikTeX 2.9\tex\generic\oberdiek\ifvtex.sty"
Package: ifvtex 2010/03/01 v1.5 Detect VTeX and its facilities (HO)
Package ifvtex Info: VTeX not detected.
)
("C:\Study\LaTeX\MikTeX 2.9\tex\generic\ifxetex\ifxetex.sty"
Package: ifxetex 2010/09/12 v0.6 Provides ifxetex conditional
)
\Gm@cnth=\count112
\Gm@cntv=\count113
\c@Gm@tempcnt=\count114
\Gm@bindingoffset=\dimen157
\Gm@wd@mp=\dimen158
\Gm@odd@mp=\dimen159
\Gm@even@mp=\dimen160
\Gm@layoutwidth=\dimen161
\Gm@layoutheight=\dimen162
\Gm@layouthoffset=\dimen163
\Gm@layoutvoffset=\dimen164
\Gm@dimlist=\toks25

("C:\Study\LaTeX\MikTeX 2.9\tex\latex\geometry\geometry.cfg"))
("C:\Study\LaTeX\MikTeX 2.9\tex\latex\pgf\utilities\pgfpages.sty"
Package: pgfpages 2004/11/05 ver 0.01
\pgf@logicalpages=\count115
\pgf@firstshipout=\count116
\pgf@lastshipout=\count117
\pgf@currentshipout=\count118
\pgf@cpn=\count119
\pgf@shipoutnextto=\count120
\pgfphysicalheight=\dimen165
\pgfphysicalwidth=\dimen166
\pgfpages@shipoutbox=\box40
)
\pgfpages@box@1=\box41
)
("C:\Study\LaTeX\MikTeX 2.9\tex\latex\natbib\natbib.sty"
Package: natbib 2010/09/13 8.31b (PWD, AO)
\bibhang=\skip69
\bibsep=\skip70
LaTeX Info: Redefining \cite on input line 694.
\c@NAT@ctr=\count121
)
("C:\Study\LaTeX\MikTeX 2.9\tex\latex\amsmath\amsmath.sty"
Package: amsmath 2013/01/14 v2.14 AMS math features
\@mathmargin=\skip71

For additional information on amsmath, use the `?' option.
("C:\Study\LaTeX\MikTeX 2.9\tex\latex\amsmath\amstext.sty"
Package: amstext 2000/06/29 v2.01

("C:\Study\LaTeX\MikTeX 2.9\tex\latex\amsmath\amsgen.sty"
File: amsgen.sty 1999/11/30 v2.0
\@emptytoks=\toks26
\ex@=\dimen167
))
("C:\Study\LaTeX\MikTeX 2.9\tex\latex\amsmath\amsbsy.sty"
Package: amsbsy 1999/11/29 v1.2d
\pmbraise@=\dimen168
)
("C:\Study\LaTeX\MikTeX 2.9\tex\latex\amsmath\amsopn.sty"
Package: amsopn 1999/12/14 v2.01 operator names
)
\inf@bad=\count122
LaTeX Info: Redefining \frac on input line 210.
\uproot@=\count123
\leftroot@=\count124
LaTeX Info: Redefining \overline on input line 306.
\classnum@=\count125
\DOTSCASE@=\count126
LaTeX Info: Redefining \ldots on input line 378.
LaTeX Info: Redefining \dots on input line 381.
LaTeX Info: Redefining \cdots on input line 466.
\Mathstrutbox@=\box42
\strutbox@=\box43
\big@size=\dimen169
LaTeX Font Info:    Redeclaring font encoding OML on input line 566.
LaTeX Font Info:    Redeclaring font encoding OMS on input line 567.
\macc@depth=\count127
\c@MaxMatrixCols=\count128
\dotsspace@=\muskip10
\c@parentequation=\count129
\dspbrk@lvl=\count130
\tag@help=\toks27
\row@=\count131
\column@=\count132
\maxfields@=\count133
\andhelp@=\toks28
\eqnshift@=\dimen170
\alignsep@=\dimen171
\tagshift@=\dimen172
\tagwidth@=\dimen173
\totwidth@=\dimen174
\lineht@=\dimen175
\@envbody=\toks29
\multlinegap=\skip72
\multlinetaggap=\skip73
\mathdisplay@stack=\toks30
LaTeX Info: Redefining \[ on input line 2665.
LaTeX Info: Redefining \] on input line 2666.
)
("C:\Study\LaTeX\MikTeX 2.9\tex\latex\amsfonts\amssymb.sty"
Package: amssymb 2013/01/14 v3.01 AMS font symbols

("C:\Study\LaTeX\MikTeX 2.9\tex\latex\amsfonts\amsfonts.sty"
Package: amsfonts 2013/01/14 v3.01 Basic AMSFonts support
\symAMSa=\mathgroup4
\symAMSb=\mathgroup5
LaTeX Font Info:    Overwriting math alphabet `\mathfrak' in version `bold'
(Font)                  U/euf/m/n --> U/euf/b/n on input line 106.
))
("C:\Study\LaTeX\MikTeX 2.9\tex\latex\booktabs\booktabs.sty"
Package: booktabs 2005/04/14 v1.61803 publication quality tables
\heavyrulewidth=\dimen176
\lightrulewidth=\dimen177
\cmidrulewidth=\dimen178
\belowrulesep=\dimen179
\belowbottomsep=\dimen180
\aboverulesep=\dimen181
\abovetopsep=\dimen182
\cmidrulesep=\dimen183
\cmidrulekern=\dimen184
\defaultaddspace=\dimen185
\@cmidla=\count134
\@cmidlb=\count135
\@aboverulesep=\dimen186
\@belowrulesep=\dimen187
\@thisruleclass=\count136
\@lastruleclass=\count137
\@thisrulewidth=\dimen188
)
("C:\Study\LaTeX\MikTeX 2.9\tex\latex\enumitem\enumitem.sty"
Package: enumitem 2011/09/28 v3.5.2 Customized lists
\enitkv@toks@=\toks31
\labelindent=\skip74
\enit@outerparindent=\dimen189
\enit@toks=\toks32
\enit@inbox=\box44
\enitdp@description=\count138
)
("C:\Study\LaTeX\MikTeX 2.9\tex\latex\psnfss\palatino.sty"
Package: palatino 2005/04/12 PSNFSS-v9.2a (SPQR) 
)
("C:\Study\LaTeX\MikTeX 2.9\tex\latex\caption\caption.sty"
Package: caption 2013/05/02 v3.3-89 Customizing captions (AR)

("C:\Study\LaTeX\MikTeX 2.9\tex\latex\caption\caption3.sty"
Package: caption3 2013/05/02 v1.6-88 caption3 kernel (AR)
Package caption3 Info: TeX engine: e-TeX on input line 57.
\captionmargin=\dimen190
\captionmargin@=\dimen191
\captionwidth=\dimen192
\caption@tempdima=\dimen193
\caption@indent=\dimen194
\caption@parindent=\dimen195
\caption@hangindent=\dimen196
)
\c@ContinuedFloat=\count139
)
("C:\Study\LaTeX\MikTeX 2.9\tex\latex\outlines\outlines.sty"
Package: outlines 2012/1/23 1.1 Ch. Pecheur
)
("C:\Study\LaTeX\MikTeX 2.9\tex\latex\capt-of\capt-of.sty"
Package: capt-of 2009/12/29 v0.2 standard captions outside of floats
)
("C:\Study\LaTeX\MikTeX 2.9\tex\latex\tools\multicol.sty"
Package: multicol 2011/06/27 v1.7a multicolumn formatting (FMi)
\c@tracingmulticols=\count140
\mult@box=\box45
\multicol@leftmargin=\dimen197
\c@unbalance=\count141
\c@collectmore=\count142
\doublecol@number=\count143
\multicoltolerance=\count144
\multicolpretolerance=\count145
\full@width=\dimen198
\page@free=\dimen199
\premulticols=\dimen200
\postmulticols=\dimen201
\multicolsep=\skip75
\multicolbaselineskip=\skip76
\partial@page=\box46
\last@line=\box47
\mult@rightbox=\box48
\mult@grightbox=\box49
\mult@gfirstbox=\box50
\mult@firstbox=\box51
\@tempa=\box52
\@tempa=\box53
\@tempa=\box54
\@tempa=\box55
\@tempa=\box56
\@tempa=\box57
\@tempa=\box58
\@tempa=\box59
\@tempa=\box60
\@tempa=\box61
\@tempa=\box62
\@tempa=\box63
\@tempa=\box64
\@tempa=\box65
\@tempa=\box66
\@tempa=\box67
\@tempa=\box68
\c@columnbadness=\count146
\c@finalcolumnbadness=\count147
\last@try=\dimen202
\multicolovershoot=\dimen203
\multicolundershoot=\dimen204
\mult@nat@firstbox=\box69
\colbreak@box=\box70
\multicol@sort@counter=\count148
)
("C:\Study\My projects\Climate-indian monsoon\MS\mycommands.sty")
("C:\Study\LaTeX\MikTeX 2.9\tex\generic\pgf\frontendlayer\tikz\libraries\tikzli
braryshapes.code.tex"
File: tikzlibraryshapes.code.tex 2008/01/09 v2.10 (rcs-revision 1.1)

("C:\Study\LaTeX\MikTeX 2.9\tex\generic\pgf\frontendlayer\tikz\libraries\tikzli
braryshapes.geometric.code.tex"
File: tikzlibraryshapes.geometric.code.tex 2008/01/09 v2.10 (rcs-revision 1.1)

("C:\Study\LaTeX\MikTeX 2.9\tex\generic\pgf\libraries\shapes\pgflibraryshapes.g
eometric.code.tex"
File: pgflibraryshapes.geometric.code.tex 2008/06/26 v2.10 (rcs-revision 1.1)
))
("C:\Study\LaTeX\MikTeX 2.9\tex\generic\pgf\frontendlayer\tikz\libraries\tikzli
braryshapes.misc.code.tex"
File: tikzlibraryshapes.misc.code.tex 2008/01/09 v2.10 (rcs-revision 1.1)

("C:\Study\LaTeX\MikTeX 2.9\tex\generic\pgf\libraries\shapes\pgflibraryshapes.m
isc.code.tex"
File: pgflibraryshapes.misc.code.tex 2008/10/07 v2.10 (rcs-revision 1.3)
))
("C:\Study\LaTeX\MikTeX 2.9\tex\generic\pgf\frontendlayer\tikz\libraries\tikzli
braryshapes.symbols.code.tex"
File: tikzlibraryshapes.symbols.code.tex 2008/01/09 v2.10 (rcs-revision 1.1)

("C:\Study\LaTeX\MikTeX 2.9\tex\generic\pgf\libraries\shapes\pgflibraryshapes.s
ymbols.code.tex"
File: pgflibraryshapes.symbols.code.tex 2009/10/27 v2.10 (rcs-revision 1.3)
))
("C:\Study\LaTeX\MikTeX 2.9\tex\generic\pgf\frontendlayer\tikz\libraries\tikzli
braryshapes.arrows.code.tex"
File: tikzlibraryshapes.arrows.code.tex 2008/01/09 v2.10 (rcs-revision 1.1)

("C:\Study\LaTeX\MikTeX 2.9\tex\generic\pgf\libraries\shapes\pgflibraryshapes.a
rrows.code.tex"
File: pgflibraryshapes.arrows.code.tex 2008/06/26 v2.10 (rcs-revision 1.1)
))
("C:\Study\LaTeX\MikTeX 2.9\tex\generic\pgf\frontendlayer\tikz\libraries\tikzli
braryshapes.callouts.code.tex"
("C:\Study\LaTeX\MikTeX 2.9\tex\generic\pgf\libraries\shapes\pgflibraryshapes.c
allouts.code.tex"))
("C:\Study\LaTeX\MikTeX 2.9\tex\generic\pgf\frontendlayer\tikz\libraries\tikzli
braryshapes.multipart.code.tex"
File: tikzlibraryshapes.multipart.code.tex 2008/01/09 v2.10 (rcs-revision 1.1)

("C:\Study\LaTeX\MikTeX 2.9\tex\generic\pgf\libraries\shapes\pgflibraryshapes.m
ultipart.code.tex"
File: pgflibraryshapes.multipart.code.tex 2010/01/07 v2.10 (rcs-revision 1.2)
\pgfnodepartlowerbox=\box71
\pgfnodeparttwobox=\box72
\pgfnodepartthreebox=\box73
\pgfnodepartfourbox=\box74
\pgfnodeparttwentybox=\box75
\pgfnodepartnineteenbox=\box76
\pgfnodeparteighteenbox=\box77
\pgfnodepartseventeenbox=\box78
\pgfnodepartsixteenbox=\box79
\pgfnodepartfifteenbox=\box80
\pgfnodepartfourteenbox=\box81
\pgfnodepartthirteenbox=\box82
\pgfnodeparttwelvebox=\box83
\pgfnodepartelevenbox=\box84
\pgfnodeparttenbox=\box85
\pgfnodepartninebox=\box86
\pgfnodeparteightbox=\box87
\pgfnodepartsevenbox=\box88
\pgfnodepartsixbox=\box89
\pgfnodepartfivebox=\box90
)))
("C:\Study\LaTeX\MikTeX 2.9\tex\generic\pgf\frontendlayer\tikz\libraries\tikzli
braryarrows.code.tex"
File: tikzlibraryarrows.code.tex 2008/01/09 v2.10 (rcs-revision 1.1)

("C:\Study\LaTeX\MikTeX 2.9\tex\generic\pgf\libraries\pgflibraryarrows.code.tex
"
File: pgflibraryarrows.code.tex 2008/10/27 v2.10 (rcs-revision 1.9)
\arrowsize=\dimen205
)) ("C:\Study\My projects\Climate-indian monsoon\MS\ci_poster1.aux")
LaTeX Font Info:    Checking defaults for OML/cmm/m/it on input line 69.
LaTeX Font Info:    ... okay on input line 69.
LaTeX Font Info:    Checking defaults for T1/cmr/m/n on input line 69.
LaTeX Font Info:    ... okay on input line 69.
LaTeX Font Info:    Checking defaults for OT1/cmr/m/n on input line 69.
LaTeX Font Info:    ... okay on input line 69.
LaTeX Font Info:    Checking defaults for OMS/cmsy/m/n on input line 69.
LaTeX Font Info:    ... okay on input line 69.
LaTeX Font Info:    Checking defaults for OMX/cmex/m/n on input line 69.
LaTeX Font Info:    ... okay on input line 69.
LaTeX Font Info:    Checking defaults for U/cmr/m/n on input line 69.
LaTeX Font Info:    ... okay on input line 69.
LaTeX Font Info:    Try loading font information for T1+ppl on input line 69.

("C:\Study\LaTeX\MikTeX 2.9\tex\latex\psnfss\t1ppl.fd"
File: t1ppl.fd 2001/06/04 font definitions for T1/ppl.
)
(C:\Users\Subho\AppData\Roaming\MiKTeX\2.9\tex\context\base\supp-pdf.mkii
[Loading MPS to PDF converter (version 2006.09.02).]
\scratchcounter=\count149
\scratchdimen=\dimen206
\scratchbox=\box91
\nofMPsegments=\count150
\nofMParguments=\count151
\everyMPshowfont=\toks33
\MPscratchCnt=\count152
\MPscratchDim=\dimen207
\MPnumerator=\count153
\makeMPintoPDFobject=\count154
\everyMPtoPDFconversion=\toks34
) ABD: EveryShipout initializing macros
*geometry* driver: auto-detecting
*geometry* detected driver: pdftex
*geometry* verbose mode - [ preamble ] result:
* driver: pdftex
* paper: custom
* layout: <same size as paper>
* layoutoffset:(h,v)=(0.0pt,0.0pt)
* modes: landscape 
* h-part:(L,W,R)=(12.80386pt, 989.3124pt, 12.80386pt)
* v-part:(T,H,B)=(12.80386pt, 692.2626pt, 12.80386pt)
* \paperwidth=1014.92012pt
* \paperheight=717.87033pt
* \textwidth=989.3124pt
* \textheight=692.2626pt
* \oddsidemargin=-59.46613pt
* \evensidemargin=-59.46613pt
* \topmargin=-96.46613pt
* \headheight=12.0pt
* \headsep=25.0pt
* \topskip=10.0pt
* \footskip=30.0pt
* \marginparwidth=65.0pt
* \marginparsep=11.0pt
* \columnsep=14.99634pt
* \skip\footins=9.0pt plus 4.0pt minus 2.0pt
* \hoffset=0.0pt
* \voffset=0.0pt
* \mag=1000
* \@twocolumnfalse
* \@twosidefalse
* \@mparswitchfalse
* \@reversemarginfalse
* (1in=72.27pt=25.4mm, 1cm=28.453pt)

Package caption Info: Begin \AtBeginDocument code.
Package caption Info: End \AtBeginDocument code.
<umnlogo1.pdf, id=21, 1204.5pt x 677.53125pt>
File: umnlogo1.pdf Graphic file (type pdf)
 <use umnlogo1.pdf>
Package pdftex.def Info: umnlogo1.pdf used on input line 97.
(pdftex.def)             Requested size: 88.88164pt x 50.0pt.
File: umnlogo1.pdf Graphic file (type pdf)

<use umnlogo1.pdf>
Package pdftex.def Info: umnlogo1.pdf used on input line 97.
(pdftex.def)             Requested size: 88.88164pt x 50.0pt.
LaTeX Font Info:    Font shape `T1/ppl/bx/n' in size <10> not available
(Font)              Font shape `T1/ppl/b/n' tried instead on input line 97.
LaTeX Font Info:    Font shape `T1/ppl/bx/n' in size <24.88> not available
(Font)              Font shape `T1/ppl/b/n' tried instead on input line 97.
LaTeX Font Info:    Font shape `T1/ppl/bx/n' in size <20.74> not available
(Font)              Font shape `T1/ppl/b/n' tried instead on input line 97.
LaTeX Font Info:    Font shape `T1/ppl/bx/sc' in size <20.74> not available
(Font)              Font shape `T1/ppl/b/sc' tried instead on input line 97.
LaTeX Font Info:    Try loading font information for U+msa on input line 97.
 ("C:\Study\LaTeX\MikTeX 2.9\tex\latex\amsfonts\umsa.fd"
File: umsa.fd 2013/01/14 v3.01 AMS symbols A
)
LaTeX Font Info:    Try loading font information for U+msb on input line 97.

("C:\Study\LaTeX\MikTeX 2.9\tex\latex\amsfonts\umsb.fd"
File: umsb.fd 2013/01/14 v3.01 AMS symbols B
)
LaTeX Font Info:    Try loading font information for OMS+ppl on input line 119.


("C:\Study\LaTeX\MikTeX 2.9\tex\latex\psnfss\omsppl.fd"
File: omsppl.fd 
)
LaTeX Font Info:    Font shape `OMS/ppl/m/n' in size <10> not available
(Font)              Font shape `OMS/cmsy/m/n' tried instead on input line 119.
Missing character: There is no ; in font nullfont!
Missing character: There is no ; in font nullfont!
LaTeX Font Info:    Font shape `T1/ppl/bx/n' in size <14.4> not available
(Font)              Font shape `T1/ppl/b/n' tried instead on input line 119.
LaTeX Font Info:    Font shape `T1/ppl/bx/sc' in size <14.4> not available
(Font)              Font shape `T1/ppl/b/sc' tried instead on input line 119.
Missing character: There is no ; in font nullfont!

<depthplot_cropped.pdf, id=23, 350.30875pt x 230.8625pt>
File: depthplot_cropped.pdf Graphic file (type pdf)

<use depthplot_cropped.pdf>
Package pdftex.def Info: depthplot_cropped.pdf used on input line 161.
(pdftex.def)             Requested size: 183.86317pt x 121.17291pt.
LaTeX Font Info:    Font shape `T1/ppl/bx/n' in size <9> not available
(Font)              Font shape `T1/ppl/b/n' tried instead on input line 161.
LaTeX Font Info:    Font shape `T1/ppl/bx/n' in size <12> not available
(Font)              Font shape `T1/ppl/b/n' tried instead on input line 161.
Missing character: There is no ; in font nullfont!
Missing character: There is no ; in font nullfont!
LaTeX Font Info:    Font shape `T1/ppl/bx/sc' in size <12> not available
(Font)              Font shape `T1/ppl/b/sc' tried instead on input line 161.
Missing character: There is no ; in font nullfont!

<rolling_predbias_full_vs_reduced.pdf, id=24, 361.35pt x 361.35pt>
File: rolling_predbias_full_vs_reduced.pdf Graphic file (type pdf)

<use rolling_predbias_full_vs_reduced.pdf>
Package pdftex.def Info: rolling_predbias_full_vs_reduced.pdf used on input lin
e 262.
(pdftex.def)             Requested size: 119.91405pt x 119.91302pt.

<rolling_predMSE_full_vs_reduced.pdf, id=25, 361.35pt x 361.35pt>
File: rolling_predMSE_full_vs_reduced.pdf Graphic file (type pdf)

<use rolling_predMSE_full_vs_reduced.pdf>
Package pdftex.def Info: rolling_predMSE_full_vs_reduced.pdf used on input line
 262.
(pdftex.def)             Requested size: 119.91405pt x 119.91302pt.

<rolling_density2012_full_vs_reduced.pdf, id=26, 361.35pt x 361.35pt>
File: rolling_density2012_full_vs_reduced.pdf Graphic file (type pdf)

<use rolling_density2012_full_vs_reduced.pdf>
Package pdftex.def Info: rolling_density2012_full_vs_reduced.pdf used on input 
line 262.
(pdftex.def)             Requested size: 119.91405pt x 119.91302pt.

Overfull \hbox (9.29999pt too wide) in paragraph at lines 262--262
[] 
 []


<rolling_map2012_full_vs_reduced_cropped.pdf, id=27, 283.0575pt x 312.16624pt>
File: rolling_map2012_full_vs_reduced_cropped.pdf Graphic file (type pdf)

<use rolling_map2012_full_vs_reduced_cropped.pdf>
Package pdftex.def Info: rolling_map2012_full_vs_reduced_cropped.pdf used on in
put line 262.
(pdftex.def)             Requested size: 231.67374pt x 255.50641pt.
LaTeX Font Info:    Font shape `T1/ppl/bx/n' in size <6> not available
(Font)              Font shape `T1/ppl/b/n' tried instead on input line 262.
Missing character: There is no ; in font nullfont!
Missing character: There is no ; in font nullfont!
Missing character: There is no ; in font nullfont!
Missing character: There is no ; in font nullfont!
Missing character: There is no ; in font nullfont!
Missing character: There is no ; in font nullfont!
LaTeX Font Info:    Font shape `T1/ppl/bx/n' in size <7> not available
(Font)              Font shape `T1/ppl/b/n' tried instead on input line 301.
LaTeX Font Info:    Try loading font information for T1+pcr on input line 301.

("C:\Study\LaTeX\MikTeX 2.9\tex\latex\psnfss\t1pcr.fd"
File: t1pcr.fd 2001/06/04 font definitions for T1/pcr.
)
Overfull \hbox (6.25775pt too wide) in paragraph at lines 301--301
[]\T1/ppl/b/n/7 GitHub\T1/ppl/m/n/7 : \T1/pcr/m/n/7 https://github.com/shubhobm
/Climate-indian-monsoon 
 []

("C:\Study\My projects\Climate-indian monsoon\MS\ci_poster1.bbl")
Missing character: There is no ; in font nullfont!
Missing character: There is no ; in font nullfont!
Missing character: There is no ; in font nullfont!
LaTeX Font Info:    Font shape `T1/ppl/bx/it' in size <10> not available
(Font)              Font shape `T1/ppl/b/it' tried instead on input line 341.

Underfull \hbox (badness 2126) in paragraph at lines 341--341
[]\T1/ppl/b/n/10 (A) Station-specific\T1/ppl/m/n/10 : (from 36 weather sta-tion
s
 []


Underfull \hbox (badness 10000) in paragraph at lines 341--341
[]\T1/ppl/m/n/10 Teleconnections: North At-lantic Os-cil-la-tion
 []

Missing character: There is no ; in font nullfont!
Missing character: There is no ; in font nullfont!
Missing character: There is no ; in font nullfont!
Missing character: There is no ; in font nullfont!
Missing character: There is no ; in font nullfont!
Missing character: There is no ; in font nullfont!
[2

{C:/Users/Subho/AppData/Local/MiKTeX/2.9/pdftex/config/pdftex.map} <C:/Study/My
 projects/Climate-indian monsoon/MS/umnlogo1.pdf> <C:/Study/My projects/Climate
-indian monsoon/MS/depthplot_cropped.pdf> <C:/Study/My projects/Climate-indian 
monsoon/MS/rolling_predbias_full_vs_reduced.pdf> <C:/Study/My projects/Climate-
indian monsoon/MS/rolling_predMSE_full_vs_reduced.pdf> <C:/Study/My projects/Cl
imate-indian monsoon/MS/rolling_density2012_full_vs_reduced.pdf> <C:/Study/My p
rojects/Climate-indian monsoon/MS/rolling_map2012_full_vs_reduced_cropped.pdf>]
 ("C:\Study\My projects\Climate-indian monsoon\MS\ci_poster1.aux") ) 
Here is how much of TeX's memory you used:
 17251 strings out of 493921
 346026 string characters out of 3148084
 472280 words of memory out of 3000000
 20142 multiletter control sequences out of 15000+200000
 47388 words of font info for 89 fonts, out of 3000000 for 9000
 841 hyphenation exceptions out of 8191
 63i,18n,92p,422b,985s stack positions out of 5000i,500n,10000p,200000b,50000s
{C:/Study/L
aTeX/MikTeX 2.9/fonts/enc/dvips/fontname/8r.enc}<C:/Study/LaTeX/MikTeX 2.9/font
s/type1/public/amsfonts/cm/cmbx10.pfb><C:/Study/LaTeX/MikTeX 2.9/fonts/type1/pu
blic/amsfonts/cm/cmex10.pfb><C:/Study/LaTeX/MikTeX 2.9/fonts/type1/public/amsfo
nts/cm/cmmi10.pfb><C:/Study/LaTeX/MikTeX 2.9/fonts/type1/public/amsfonts/cm/cmm
i5.pfb><C:/Study/LaTeX/MikTeX 2.9/fonts/type1/public/amsfonts/cm/cmmi6.pfb><C:/
Study/LaTeX/MikTeX 2.9/fonts/type1/public/amsfonts/cm/cmmi7.pfb><C:/Study/LaTeX
/MikTeX 2.9/fonts/type1/public/amsfonts/cm/cmmi9.pfb><C:/Study/LaTeX/MikTeX 2.9
/fonts/type1/public/amsfonts/cm/cmmib10.pfb><C:/Study/LaTeX/MikTeX 2.9/fonts/ty
pe1/public/amsfonts/cm/cmr10.pfb><C:/Study/LaTeX/MikTeX 2.9/fonts/type1/public/
amsfonts/cm/cmr6.pfb><C:/Study/LaTeX/MikTeX 2.9/fonts/type1/public/amsfonts/cm/
cmr7.pfb><C:/Study/LaTeX/MikTeX 2.9/fonts/type1/public/amsfonts/cm/cmsy10.pfb><
C:/Study/LaTeX/MikTeX 2.9/fonts/type1/public/amsfonts/cm/cmsy7.pfb><C:/Study/La
TeX/MikTeX 2.9/fonts/type1/public/amsfonts/symbols/msbm10.pfb><C:/Study/LaTeX/M
ikTeX 2.9/fonts/type1/urw/courier/ucrr8a.pfb><C:/Study/LaTeX/MikTeX 2.9/fonts/t
ype1/urw/palatino/uplb8a.pfb><C:/Study/LaTeX/MikTeX 2.9/fonts/type1/urw/palatin
o/uplbi8a.pfb><C:/Study/LaTeX/MikTeX 2.9/fonts/type1/urw/palatino/uplr8a.pfb><C
:/Study/LaTeX/MikTeX 2.9/fonts/type1/urw/palatino/uplri8a.pfb>
Output written on ci_poster1.pdf (1 page, 1130293 bytes).
PDF statistics:
 154 PDF objects out of 1000 (max. 8388607)
 0 named destinations out of 1000 (max. 500000)
 151 words of extra memory for PDF output out of 10000 (max. 10000000)

