This is pdfTeX, Version 3.1415926-2.4-1.40.13 (MiKTeX 2.9) (preloaded format=pdflatex 2013.7.20)  10 SEP 2015 14:01
entering extended mode
**poster_landscape.tex
("C:\Study\My projects\Climate-indian monsoon\MS\poster_landscape.tex"
LaTeX2e <2011/06/27>
Babel <v3.8m> and hyphenation patterns for english, afrikaans, ancientgreek, ar
abic, armenian, assamese, basque, bengali, bokmal, bulgarian, catalan, coptic, 
croatian, czech, danish, dutch, esperanto, estonian, farsi, finnish, french, ga
lician, german, german-x-2012-05-30, greek, gujarati, hindi, hungarian, iceland
ic, indonesian, interlingua, irish, italian, kannada, kurmanji, latin, latvian,
 lithuanian, malayalam, marathi, mongolian, mongolianlmc, monogreek, ngerman, n
german-x-2012-05-30, nynorsk, oriya, panjabi, pinyin, polish, portuguese, roman
ian, russian, sanskrit, serbian, slovak, slovenian, spanish, swedish, swissgerm
an, tamil, telugu, turkish, turkmen, ukenglish, ukrainian, uppersorbian, usengl
ishmax, welsh, loaded.
("C:\Study\My projects\Climate-indian monsoon\MS\baposter.cls"
Document Class: baposter 2011/11/26 v2.0 baposter class
("C:\Study\LaTeX\MikTeX 2.9\tex\latex\base\article.cls"
Document Class: article 2007/10/19 v1.4h Standard LaTeX document class
("C:\Study\LaTeX\MikTeX 2.9\tex\latex\base\size10.clo"
File: size10.clo 2007/10/19 v1.4h Standard LaTeX file (size option)
)
\c@part=\count79
\c@section=\count80
\c@subsection=\count81
\c@subsubsection=\count82
\c@paragraph=\count83
\c@subparagraph=\count84
\c@figure=\count85
\c@table=\count86
\abovecaptionskip=\skip41
\belowcaptionskip=\skip42
\bibindent=\dimen102
)
baposter: Brian Amberg, 2007, 2008, 2009, 2010, 2011 | http://www.brian-amberg.
de/uni/poster/
baposter: Reinhold Kainhofer, 2011 | http://reinhold.kainhofer.com/
\baposter@basepaperwidth=\skip43
\baposter@basepaperheight=\skip44
\baposter@basemargin=\skip45
\baposter@finalpaperwidth=\skip46
\baposter@finalpaperheight=\skip47
\baposter@finalmargin=\skip48
\headerheight=\skip49
\colwidth=\skip50
\colheight=\skip51
\baposter@@colspacing=\skip52
\baposter@box@@cornerradius=\skip53
\baposter@box@@boxheaderheight=\skip54
\baposter@box@@boxpadding=\skip55
\boxstartx=\skip56
\boxstarty=\skip57
\boxwidth=\skip58
\boxheight=\skip59
\baposter@titleimage@left@width=\skip60
\baposter@titleimage@right@width=\skip61
\baposter@titleimage@textwidth=\skip62
\baposter@box@content=\box26
\baposter@titleimage@left=\box27
\baposter@titleimage@title=\box28
\baposter@titleimage@right=\box29
Use Packages
("C:\Study\LaTeX\MikTeX 2.9\tex\latex\xkeyval\xkeyval.sty"
Package: xkeyval 2012/10/14 v2.6b package option processing (HA)

("C:\Study\LaTeX\MikTeX 2.9\tex\generic\xkeyval\xkeyval.tex"
\XKV@toks=\toks14
\XKV@tempa@toks=\toks15
\XKV@depth=\count87
File: xkeyval.tex 2012/10/14 v2.6b key=value parser (HA)

("C:\Study\LaTeX\MikTeX 2.9\tex\generic\xkeyval\keyval.tex")))
("C:\Study\LaTeX\MikTeX 2.9\tex\latex\tools\calc.sty"
Package: calc 2007/08/22 v4.3 Infix arithmetic (KKT,FJ)
\calc@Acount=\count88
\calc@Bcount=\count89
\calc@Adimen=\dimen103
\calc@Bdimen=\dimen104
\calc@Askip=\skip63
\calc@Bskip=\skip64
LaTeX Info: Redefining \setlength on input line 76.
LaTeX Info: Redefining \addtolength on input line 77.
\calc@Ccount=\count90
\calc@Cskip=\skip65
)
("C:\Study\LaTeX\MikTeX 2.9\tex\latex\xcolor\xcolor.sty"
Package: xcolor 2007/01/21 v2.11 LaTeX color extensions (UK)

("C:\Study\LaTeX\MikTeX 2.9\tex\latex\00miktex\color.cfg"
File: color.cfg 2007/01/18 v1.5 color configuration of teTeX/TeXLive
)
Package xcolor Info: Driver file: pdftex.def on input line 225.

("C:\Study\LaTeX\MikTeX 2.9\tex\latex\pdftex-def\pdftex.def"
File: pdftex.def 2011/05/27 v0.06d Graphics/color for pdfTeX

("C:\Study\LaTeX\MikTeX 2.9\tex\generic\oberdiek\infwarerr.sty"
Package: infwarerr 2010/04/08 v1.3 Providing info/warning/error messages (HO)
)
("C:\Study\LaTeX\MikTeX 2.9\tex\generic\oberdiek\ltxcmds.sty"
Package: ltxcmds 2011/11/09 v1.22 LaTeX kernel commands for general use (HO)
)
\Gread@gobject=\count91
)
Package xcolor Info: Model `cmy' substituted by `cmy0' on input line 1337.
Package xcolor Info: Model `hsb' substituted by `rgb' on input line 1341.
Package xcolor Info: Model `RGB' extended on input line 1353.
Package xcolor Info: Model `HTML' substituted by `rgb' on input line 1355.
Package xcolor Info: Model `Hsb' substituted by `hsb' on input line 1356.
Package xcolor Info: Model `tHsb' substituted by `hsb' on input line 1357.
Package xcolor Info: Model `HSB' substituted by `hsb' on input line 1358.
Package xcolor Info: Model `Gray' substituted by `gray' on input line 1359.
Package xcolor Info: Model `wave' substituted by `hsb' on input line 1360.
)
("C:\Study\LaTeX\MikTeX 2.9\tex\latex\pgf\frontendlayer\tikz.sty"
("C:\Study\LaTeX\MikTeX 2.9\tex\latex\pgf\basiclayer\pgf.sty"
("C:\Study\LaTeX\MikTeX 2.9\tex\latex\pgf\utilities\pgfrcs.sty"
("C:\Study\LaTeX\MikTeX 2.9\tex\generic\pgf\utilities\pgfutil-common.tex"
\pgfutil@everybye=\toks16
)
("C:\Study\LaTeX\MikTeX 2.9\tex\generic\pgf\utilities\pgfutil-latex.def"
\pgfutil@abb=\box30

("C:\Study\LaTeX\MikTeX 2.9\tex\latex\ms\everyshi.sty"
Package: everyshi 2001/05/15 v3.00 EveryShipout Package (MS)
))
("C:\Study\LaTeX\MikTeX 2.9\tex\generic\pgf\utilities\pgfrcs.code.tex"
Package: pgfrcs 2010/10/25 v2.10 (rcs-revision 1.24)
))
Package: pgf 2008/01/15 v2.10 (rcs-revision 1.12)

("C:\Study\LaTeX\MikTeX 2.9\tex\latex\pgf\basiclayer\pgfcore.sty"
("C:\Study\LaTeX\MikTeX 2.9\tex\latex\graphics\graphicx.sty"
Package: graphicx 1999/02/16 v1.0f Enhanced LaTeX Graphics (DPC,SPQR)

("C:\Study\LaTeX\MikTeX 2.9\tex\latex\graphics\graphics.sty"
Package: graphics 2009/02/05 v1.0o Standard LaTeX Graphics (DPC,SPQR)

("C:\Study\LaTeX\MikTeX 2.9\tex\latex\graphics\trig.sty"
Package: trig 1999/03/16 v1.09 sin cos tan (DPC)
)
("C:\Study\LaTeX\MikTeX 2.9\tex\latex\00miktex\graphics.cfg"
File: graphics.cfg 2007/01/18 v1.5 graphics configuration of teTeX/TeXLive
)
Package graphics Info: Driver file: pdftex.def on input line 91.
)
\Gin@req@height=\dimen105
\Gin@req@width=\dimen106
)
("C:\Study\LaTeX\MikTeX 2.9\tex\latex\pgf\systemlayer\pgfsys.sty"
("C:\Study\LaTeX\MikTeX 2.9\tex\generic\pgf\systemlayer\pgfsys.code.tex"
Package: pgfsys 2010/06/30 v2.10 (rcs-revision 1.37)

("C:\Study\LaTeX\MikTeX 2.9\tex\generic\pgf\utilities\pgfkeys.code.tex"
\pgfkeys@pathtoks=\toks17
\pgfkeys@temptoks=\toks18

("C:\Study\LaTeX\MikTeX 2.9\tex\generic\pgf\utilities\pgfkeysfiltered.code.tex"
\pgfkeys@tmptoks=\toks19
))
\pgf@x=\dimen107
\pgf@y=\dimen108
\pgf@xa=\dimen109
\pgf@ya=\dimen110
\pgf@xb=\dimen111
\pgf@yb=\dimen112
\pgf@xc=\dimen113
\pgf@yc=\dimen114
\w@pgf@writea=\write3
\r@pgf@reada=\read1
\c@pgf@counta=\count92
\c@pgf@countb=\count93
\c@pgf@countc=\count94
\c@pgf@countd=\count95
 ("C:\Study\LaTeX\MikTeX 2.9\tex\generic\pgf\systemlayer\pgf.cfg"
File: pgf.cfg 2008/05/14  (rcs-revision 1.7)
)
Package pgfsys Info: Driver file for pgf: pgfsys-pdftex.def on input line 900.

("C:\Study\LaTeX\MikTeX 2.9\tex\generic\pgf\systemlayer\pgfsys-pdftex.def"
File: pgfsys-pdftex.def 2009/05/22  (rcs-revision 1.26)

("C:\Study\LaTeX\MikTeX 2.9\tex\generic\pgf\systemlayer\pgfsys-common-pdf.def"
File: pgfsys-common-pdf.def 2008/05/19  (rcs-revision 1.10)
)))
("C:\Study\LaTeX\MikTeX 2.9\tex\generic\pgf\systemlayer\pgfsyssoftpath.code.tex
"
File: pgfsyssoftpath.code.tex 2008/07/18  (rcs-revision 1.7)
\pgfsyssoftpath@smallbuffer@items=\count96
\pgfsyssoftpath@bigbuffer@items=\count97
)
("C:\Study\LaTeX\MikTeX 2.9\tex\generic\pgf\systemlayer\pgfsysprotocol.code.tex
"
File: pgfsysprotocol.code.tex 2006/10/16  (rcs-revision 1.4)
)) ("C:\Study\LaTeX\MikTeX 2.9\tex\generic\pgf\basiclayer\pgfcore.code.tex"
Package: pgfcore 2010/04/11 v2.10 (rcs-revision 1.7)

("C:\Study\LaTeX\MikTeX 2.9\tex\generic\pgf\math\pgfmath.code.tex"
("C:\Study\LaTeX\MikTeX 2.9\tex\generic\pgf\math\pgfmathcalc.code.tex"
("C:\Study\LaTeX\MikTeX 2.9\tex\generic\pgf\math\pgfmathutil.code.tex")
("C:\Study\LaTeX\MikTeX 2.9\tex\generic\pgf\math\pgfmathparser.code.tex"
\pgfmath@dimen=\dimen115
\pgfmath@count=\count98
\pgfmath@box=\box31
\pgfmath@toks=\toks20
\pgfmath@stack@operand=\toks21
\pgfmath@stack@operation=\toks22
)
("C:\Study\LaTeX\MikTeX 2.9\tex\generic\pgf\math\pgfmathfunctions.code.tex"
("C:\Study\LaTeX\MikTeX 2.9\tex\generic\pgf\math\pgfmathfunctions.basic.code.te
x")
("C:\Study\LaTeX\MikTeX 2.9\tex\generic\pgf\math\pgfmathfunctions.trigonometric
.code.tex")
("C:\Study\LaTeX\MikTeX 2.9\tex\generic\pgf\math\pgfmathfunctions.random.code.t
ex")
("C:\Study\LaTeX\MikTeX 2.9\tex\generic\pgf\math\pgfmathfunctions.comparison.co
de.tex")
("C:\Study\LaTeX\MikTeX 2.9\tex\generic\pgf\math\pgfmathfunctions.base.code.tex
")
("C:\Study\LaTeX\MikTeX 2.9\tex\generic\pgf\math\pgfmathfunctions.round.code.te
x")
("C:\Study\LaTeX\MikTeX 2.9\tex\generic\pgf\math\pgfmathfunctions.misc.code.tex
"))) ("C:\Study\LaTeX\MikTeX 2.9\tex\generic\pgf\math\pgfmathfloat.code.tex"
\c@pgfmathroundto@lastzeros=\count99
))
("C:\Study\LaTeX\MikTeX 2.9\tex\generic\pgf\basiclayer\pgfcorepoints.code.tex"
File: pgfcorepoints.code.tex 2010/04/09  (rcs-revision 1.20)
\pgf@picminx=\dimen116
\pgf@picmaxx=\dimen117
\pgf@picminy=\dimen118
\pgf@picmaxy=\dimen119
\pgf@pathminx=\dimen120
\pgf@pathmaxx=\dimen121
\pgf@pathminy=\dimen122
\pgf@pathmaxy=\dimen123
\pgf@xx=\dimen124
\pgf@xy=\dimen125
\pgf@yx=\dimen126
\pgf@yy=\dimen127
\pgf@zx=\dimen128
\pgf@zy=\dimen129
)
("C:\Study\LaTeX\MikTeX 2.9\tex\generic\pgf\basiclayer\pgfcorepathconstruct.cod
e.tex"
File: pgfcorepathconstruct.code.tex 2010/08/03  (rcs-revision 1.24)
\pgf@path@lastx=\dimen130
\pgf@path@lasty=\dimen131
)
("C:\Study\LaTeX\MikTeX 2.9\tex\generic\pgf\basiclayer\pgfcorepathusage.code.te
x"
File: pgfcorepathusage.code.tex 2008/04/22  (rcs-revision 1.12)
\pgf@shorten@end@additional=\dimen132
\pgf@shorten@start@additional=\dimen133
)
("C:\Study\LaTeX\MikTeX 2.9\tex\generic\pgf\basiclayer\pgfcorescopes.code.tex"
File: pgfcorescopes.code.tex 2010/09/08  (rcs-revision 1.34)
\pgfpic=\box32
\pgf@hbox=\box33
\pgf@layerbox@main=\box34
\pgf@picture@serial@count=\count100
)
("C:\Study\LaTeX\MikTeX 2.9\tex\generic\pgf\basiclayer\pgfcoregraphicstate.code
.tex"
File: pgfcoregraphicstate.code.tex 2008/04/22  (rcs-revision 1.9)
\pgflinewidth=\dimen134
)
("C:\Study\LaTeX\MikTeX 2.9\tex\generic\pgf\basiclayer\pgfcoretransformations.c
ode.tex"
File: pgfcoretransformations.code.tex 2009/06/10  (rcs-revision 1.11)
\pgf@pt@x=\dimen135
\pgf@pt@y=\dimen136
\pgf@pt@temp=\dimen137
)
("C:\Study\LaTeX\MikTeX 2.9\tex\generic\pgf\basiclayer\pgfcorequick.code.tex"
File: pgfcorequick.code.tex 2008/10/09  (rcs-revision 1.3)
)
("C:\Study\LaTeX\MikTeX 2.9\tex\generic\pgf\basiclayer\pgfcoreobjects.code.tex"
File: pgfcoreobjects.code.tex 2006/10/11  (rcs-revision 1.2)
)
("C:\Study\LaTeX\MikTeX 2.9\tex\generic\pgf\basiclayer\pgfcorepathprocessing.co
de.tex"
File: pgfcorepathprocessing.code.tex 2008/10/09  (rcs-revision 1.8)
)
("C:\Study\LaTeX\MikTeX 2.9\tex\generic\pgf\basiclayer\pgfcorearrows.code.tex"
File: pgfcorearrows.code.tex 2008/04/23  (rcs-revision 1.11)
) ("C:\Study\LaTeX\MikTeX 2.9\tex\generic\pgf\basiclayer\pgfcoreshade.code.tex"
File: pgfcoreshade.code.tex 2008/11/23  (rcs-revision 1.13)
\pgf@max=\dimen138
\pgf@sys@shading@range@num=\count101
) ("C:\Study\LaTeX\MikTeX 2.9\tex\generic\pgf\basiclayer\pgfcoreimage.code.tex"
File: pgfcoreimage.code.tex 2010/03/25  (rcs-revision 1.16)

("C:\Study\LaTeX\MikTeX 2.9\tex\generic\pgf\basiclayer\pgfcoreexternal.code.tex
"
File: pgfcoreexternal.code.tex 2010/09/01  (rcs-revision 1.17)
\pgfexternal@startupbox=\box35
))
("C:\Study\LaTeX\MikTeX 2.9\tex\generic\pgf\basiclayer\pgfcorelayers.code.tex"
File: pgfcorelayers.code.tex 2010/08/27  (rcs-revision 1.2)
)
("C:\Study\LaTeX\MikTeX 2.9\tex\generic\pgf\basiclayer\pgfcoretransparency.code
.tex"
File: pgfcoretransparency.code.tex 2008/01/17  (rcs-revision 1.2)
)
("C:\Study\LaTeX\MikTeX 2.9\tex\generic\pgf\basiclayer\pgfcorepatterns.code.tex
"
File: pgfcorepatterns.code.tex 2009/07/02  (rcs-revision 1.3)
)))
("C:\Study\LaTeX\MikTeX 2.9\tex\generic\pgf\modules\pgfmoduleshapes.code.tex"
File: pgfmoduleshapes.code.tex 2010/09/09  (rcs-revision 1.13)
\pgfnodeparttextbox=\box36
)
("C:\Study\LaTeX\MikTeX 2.9\tex\generic\pgf\modules\pgfmoduleplot.code.tex"
File: pgfmoduleplot.code.tex 2010/10/22  (rcs-revision 1.8)
)
("C:\Study\LaTeX\MikTeX 2.9\tex\latex\pgf\compatibility\pgfcomp-version-0-65.st
y"
Package: pgfcomp-version-0-65 2007/07/03 v2.10 (rcs-revision 1.7)
\pgf@nodesepstart=\dimen139
\pgf@nodesepend=\dimen140
)
("C:\Study\LaTeX\MikTeX 2.9\tex\latex\pgf\compatibility\pgfcomp-version-1-18.st
y"
Package: pgfcomp-version-1-18 2007/07/23 v2.10 (rcs-revision 1.1)
)) ("C:\Study\LaTeX\MikTeX 2.9\tex\latex\pgf\utilities\pgffor.sty"
("C:\Study\LaTeX\MikTeX 2.9\tex\latex\pgf\utilities\pgfkeys.sty"
("C:\Study\LaTeX\MikTeX 2.9\tex\generic\pgf\utilities\pgfkeys.code.tex"))
("C:\Study\LaTeX\MikTeX 2.9\tex\generic\pgf\utilities\pgffor.code.tex"
Package: pgffor 2010/03/23 v2.10 (rcs-revision 1.18)
\pgffor@iter=\dimen141
\pgffor@skip=\dimen142
\pgffor@stack=\toks23
\pgffor@toks=\toks24
))
("C:\Study\LaTeX\MikTeX 2.9\tex\generic\pgf\frontendlayer\tikz\tikz.code.tex"
Package: tikz 2010/10/13 v2.10 (rcs-revision 1.76)

("C:\Study\LaTeX\MikTeX 2.9\tex\generic\pgf\libraries\pgflibraryplothandlers.co
de.tex"
File: pgflibraryplothandlers.code.tex 2010/05/31 v2.10 (rcs-revision 1.15)
\pgf@plot@mark@count=\count102
\pgfplotmarksize=\dimen143
)
\tikz@lastx=\dimen144
\tikz@lasty=\dimen145
\tikz@lastxsaved=\dimen146
\tikz@lastysaved=\dimen147
\tikzleveldistance=\dimen148
\tikzsiblingdistance=\dimen149
\tikz@figbox=\box37
\tikz@tempbox=\box38
\tikztreelevel=\count103
\tikznumberofchildren=\count104
\tikznumberofcurrentchild=\count105
\tikz@fig@count=\count106

("C:\Study\LaTeX\MikTeX 2.9\tex\generic\pgf\modules\pgfmodulematrix.code.tex"
File: pgfmodulematrix.code.tex 2010/08/24  (rcs-revision 1.4)
\pgfmatrixcurrentrow=\count107
\pgfmatrixcurrentcolumn=\count108
\pgf@matrix@numberofcolumns=\count109
)
\tikz@expandcount=\count110

("C:\Study\LaTeX\MikTeX 2.9\tex\generic\pgf\frontendlayer\tikz\libraries\tikzli
brarytopaths.code.tex"
File: tikzlibrarytopaths.code.tex 2008/06/17 v2.10 (rcs-revision 1.2)
))) ("C:\Study\LaTeX\MikTeX 2.9\tex\latex\base\ifthen.sty"
Package: ifthen 2001/05/26 v1.1c Standard LaTeX ifthen package (DPC)
) ("C:\Study\LaTeX\MikTeX 2.9\tex\latex\base\fontenc.sty"
Package: fontenc 2005/09/27 v1.99g Standard LaTeX package

("C:\Study\LaTeX\MikTeX 2.9\tex\latex\base\t1enc.def"
File: t1enc.def 2005/09/27 v1.99g Standard LaTeX file
LaTeX Font Info:    Redeclaring font encoding T1 on input line 43.
))
("C:\Study\LaTeX\MikTeX 2.9\tex\generic\pgf\frontendlayer\tikz\libraries\tikzli
brarydecorations.code.tex"
("C:\Study\LaTeX\MikTeX 2.9\tex\generic\pgf\modules\pgfmoduledecorations.code.t
ex"
\pgfdecoratedcompleteddistance=\dimen150
\pgfdecoratedremainingdistance=\dimen151
\pgfdecoratedinputsegmentcompleteddistance=\dimen152
\pgfdecoratedinputsegmentremainingdistance=\dimen153
\pgf@decorate@distancetomove=\dimen154
\pgf@decorate@repeatstate=\count111
\pgfdecorationsegmentamplitude=\dimen155
\pgfdecorationsegmentlength=\dimen156
)
\tikz@lib@dec@box=\box39
)
("C:\Study\LaTeX\MikTeX 2.9\tex\generic\pgf\frontendlayer\tikz\libraries\tikzli
braryfadings.code.tex"
File: tikzlibraryfadings.code.tex 2009/11/15 v2.10 (rcs-revision 1.2)

("C:\Study\LaTeX\MikTeX 2.9\tex\generic\pgf\libraries\pgflibraryfadings.code.te
x"
File: pgflibraryfadings.code.tex 2008/02/07 v2.10 (rcs-revision 1.3)
))
("C:\Study\LaTeX\MikTeX 2.9\tex\generic\pgf\frontendlayer\tikz\libraries\tikzli
brarysnakes.code.tex"
File: tikzlibrarysnakes.code.tex 2008/02/05 v2.10 (rcs-revision 1.6)


Package tikz Warning: Snakes have been superseded by decorations. Please use th
e decoration libraries instead of the snakes library on input line 14.


("C:\Study\LaTeX\MikTeX 2.9\tex\generic\pgf\frontendlayer\tikz\libraries\tikzli
brarydecorations.pathmorphing.code.tex"
("C:\Study\LaTeX\MikTeX 2.9\tex\generic\pgf\libraries\decorations\pgflibrarydec
orations.pathmorphing.code.tex"))
("C:\Study\LaTeX\MikTeX 2.9\tex\generic\pgf\frontendlayer\tikz\libraries\tikzli
brarydecorations.pathreplacing.code.tex"
("C:\Study\LaTeX\MikTeX 2.9\tex\generic\pgf\libraries\decorations\pgflibrarydec
orations.pathreplacing.code.tex"))
("C:\Study\LaTeX\MikTeX 2.9\tex\generic\pgf\frontendlayer\tikz\libraries\tikzli
brarydecorations.shapes.code.tex"
("C:\Study\LaTeX\MikTeX 2.9\tex\generic\pgf\libraries\decorations\pgflibrarydec
orations.shapes.code.tex")))
("C:\Study\LaTeX\MikTeX 2.9\tex\generic\pgf\frontendlayer\tikz\libraries\tikzli
brarycalc.code.tex"
File: tikzlibrarycalc.code.tex 2009/09/04 v2.10 (rcs-revision 1.6)
)
\baposter@movebody=\skip66
\baposter@basemarginright=\skip67
\baposter@basemarginleft=\skip68

Paperwidth=2392.87677pt
Paperheight=3383.03267pt
BasePaperwidth=681.97864pt
BasePaperheight=964.1767pt
("C:\Study\LaTeX\MikTeX 2.9\tex\latex\geometry\geometry.sty"
Package: geometry 2010/09/12 v5.6 Page Geometry

("C:\Study\LaTeX\MikTeX 2.9\tex\generic\oberdiek\ifpdf.sty"
Package: ifpdf 2011/01/30 v2.3 Provides the ifpdf switch (HO)
Package ifpdf Info: pdfTeX in PDF mode is detected.
)
("C:\Study\LaTeX\MikTeX 2.9\tex\generic\oberdiek\ifvtex.sty"
Package: ifvtex 2010/03/01 v1.5 Detect VTeX and its facilities (HO)
Package ifvtex Info: VTeX not detected.
)
("C:\Study\LaTeX\MikTeX 2.9\tex\generic\ifxetex\ifxetex.sty"
Package: ifxetex 2010/09/12 v0.6 Provides ifxetex conditional
)
\Gm@cnth=\count112
\Gm@cntv=\count113
\c@Gm@tempcnt=\count114
\Gm@bindingoffset=\dimen157
\Gm@wd@mp=\dimen158
\Gm@odd@mp=\dimen159
\Gm@even@mp=\dimen160
\Gm@layoutwidth=\dimen161
\Gm@layoutheight=\dimen162
\Gm@layouthoffset=\dimen163
\Gm@layoutvoffset=\dimen164
\Gm@dimlist=\toks25

("C:\Study\LaTeX\MikTeX 2.9\tex\latex\geometry\geometry.cfg"))
("C:\Study\LaTeX\MikTeX 2.9\tex\latex\pgf\utilities\pgfpages.sty"
Package: pgfpages 2004/11/05 ver 0.01
\pgf@logicalpages=\count115
\pgf@firstshipout=\count116
\pgf@lastshipout=\count117
\pgf@currentshipout=\count118
\pgf@cpn=\count119
\pgf@shipoutnextto=\count120
\pgfphysicalheight=\dimen165
\pgfphysicalwidth=\dimen166
\pgfpages@shipoutbox=\box40
)
\pgfpages@box@1=\box41
)
("C:\Study\LaTeX\MikTeX 2.9\tex\latex\amsmath\amsmath.sty"
Package: amsmath 2013/01/14 v2.14 AMS math features
\@mathmargin=\skip69

For additional information on amsmath, use the `?' option.
("C:\Study\LaTeX\MikTeX 2.9\tex\latex\amsmath\amstext.sty"
Package: amstext 2000/06/29 v2.01

("C:\Study\LaTeX\MikTeX 2.9\tex\latex\amsmath\amsgen.sty"
File: amsgen.sty 1999/11/30 v2.0
\@emptytoks=\toks26
\ex@=\dimen167
))
("C:\Study\LaTeX\MikTeX 2.9\tex\latex\amsmath\amsbsy.sty"
Package: amsbsy 1999/11/29 v1.2d
\pmbraise@=\dimen168
)
("C:\Study\LaTeX\MikTeX 2.9\tex\latex\amsmath\amsopn.sty"
Package: amsopn 1999/12/14 v2.01 operator names
)
\inf@bad=\count121
LaTeX Info: Redefining \frac on input line 210.
\uproot@=\count122
\leftroot@=\count123
LaTeX Info: Redefining \overline on input line 306.
\classnum@=\count124
\DOTSCASE@=\count125
LaTeX Info: Redefining \ldots on input line 378.
LaTeX Info: Redefining \dots on input line 381.
LaTeX Info: Redefining \cdots on input line 466.
\Mathstrutbox@=\box42
\strutbox@=\box43
\big@size=\dimen169
LaTeX Font Info:    Redeclaring font encoding OML on input line 566.
LaTeX Font Info:    Redeclaring font encoding OMS on input line 567.
\macc@depth=\count126
\c@MaxMatrixCols=\count127
\dotsspace@=\muskip10
\c@parentequation=\count128
\dspbrk@lvl=\count129
\tag@help=\toks27
\row@=\count130
\column@=\count131
\maxfields@=\count132
\andhelp@=\toks28
\eqnshift@=\dimen170
\alignsep@=\dimen171
\tagshift@=\dimen172
\tagwidth@=\dimen173
\totwidth@=\dimen174
\lineht@=\dimen175
\@envbody=\toks29
\multlinegap=\skip70
\multlinetaggap=\skip71
\mathdisplay@stack=\toks30
LaTeX Info: Redefining \[ on input line 2665.
LaTeX Info: Redefining \] on input line 2666.
)
("C:\Study\LaTeX\MikTeX 2.9\tex\latex\amsfonts\amssymb.sty"
Package: amssymb 2013/01/14 v3.01 AMS font symbols

("C:\Study\LaTeX\MikTeX 2.9\tex\latex\amsfonts\amsfonts.sty"
Package: amsfonts 2013/01/14 v3.01 Basic AMSFonts support
\symAMSa=\mathgroup4
\symAMSb=\mathgroup5
LaTeX Font Info:    Overwriting math alphabet `\mathfrak' in version `bold'
(Font)                  U/euf/m/n --> U/euf/b/n on input line 106.
))
("C:\Study\LaTeX\MikTeX 2.9\tex\latex\ltxmisc\relsize.sty"
Package: relsize 2003/07/04 ver 3.1
)
("C:\Study\LaTeX\MikTeX 2.9\tex\latex\multirow\multirow.sty"
\bigstrutjot=\dimen176
)
("C:\Study\LaTeX\MikTeX 2.9\tex\latex\rotating\rotating.sty"
Package: rotating 2009/03/28 v2.16a rotated objects in LaTeX
\c@r@tfl@t=\count133
\rotFPtop=\skip72
\rotFPbot=\skip73
\rot@float@box=\box44
\rot@mess@toks=\toks31
)
("C:\Study\LaTeX\MikTeX 2.9\tex\latex\tools\bm.sty"
Package: bm 2004/02/26 v1.1c Bold Symbol Support (DPC/FMi)
\symboldoperators=\mathgroup6
\symboldletters=\mathgroup7
\symboldsymbols=\mathgroup8
LaTeX Font Info:    Redeclaring math alphabet \mathbf on input line 138.
LaTeX Info: Redefining \bm on input line 204.
)
("C:\Study\LaTeX\MikTeX 2.9\tex\latex\ltxmisc\url.sty"
\Urlmuskip=\muskip11
Package: url 2006/04/12  ver 3.3  Verb mode for urls, etc.
)
("C:\Study\LaTeX\MikTeX 2.9\tex\latex\tools\multicol.sty"
Package: multicol 2011/06/27 v1.7a multicolumn formatting (FMi)
\c@tracingmulticols=\count134
\mult@box=\box45
\multicol@leftmargin=\dimen177
\c@unbalance=\count135
\c@collectmore=\count136
\doublecol@number=\count137
\multicoltolerance=\count138
\multicolpretolerance=\count139
\full@width=\dimen178
\page@free=\dimen179
\premulticols=\dimen180
\postmulticols=\dimen181
\multicolsep=\skip74
\multicolbaselineskip=\skip75
\partial@page=\box46
\last@line=\box47
\mult@rightbox=\box48
\mult@grightbox=\box49
\mult@gfirstbox=\box50
\mult@firstbox=\box51
\@tempa=\box52
\@tempa=\box53
\@tempa=\box54
\@tempa=\box55
\@tempa=\box56
\@tempa=\box57
\@tempa=\box58
\@tempa=\box59
\@tempa=\box60
\@tempa=\box61
\@tempa=\box62
\@tempa=\box63
\@tempa=\box64
\@tempa=\box65
\@tempa=\box66
\@tempa=\box67
\@tempa=\box68
\c@columnbadness=\count140
\c@finalcolumnbadness=\count141
\last@try=\dimen182
\multicolovershoot=\dimen183
\multicolundershoot=\dimen184
\mult@nat@firstbox=\box69
\colbreak@box=\box70
\multicol@sort@counter=\count142
)
("C:\Study\LaTeX\MikTeX 2.9\tex\latex\psnfss\palatino.sty"
Package: palatino 2005/04/12 PSNFSS-v9.2a (SPQR) 
)
("C:\Study\My projects\Climate-indian monsoon\MS\mycommands.sty")

LaTeX Warning: Unused global option(s):
    [final].

("C:\Study\My projects\Climate-indian monsoon\MS\poster_landscape.aux")
LaTeX Font Info:    Checking defaults for OML/cmm/m/it on input line 67.
LaTeX Font Info:    ... okay on input line 67.
LaTeX Font Info:    Checking defaults for T1/cmr/m/n on input line 67.
LaTeX Font Info:    ... okay on input line 67.
LaTeX Font Info:    Checking defaults for OT1/cmr/m/n on input line 67.
LaTeX Font Info:    ... okay on input line 67.
LaTeX Font Info:    Checking defaults for OMS/cmsy/m/n on input line 67.
LaTeX Font Info:    ... okay on input line 67.
LaTeX Font Info:    Checking defaults for OMX/cmex/m/n on input line 67.
LaTeX Font Info:    ... okay on input line 67.
LaTeX Font Info:    Checking defaults for U/cmr/m/n on input line 67.
LaTeX Font Info:    ... okay on input line 67.
LaTeX Font Info:    Try loading font information for T1+ppl on input line 67.

("C:\Study\LaTeX\MikTeX 2.9\tex\latex\psnfss\t1ppl.fd"
File: t1ppl.fd 2001/06/04 font definitions for T1/ppl.
)
(C:\Users\Subho\AppData\Roaming\MiKTeX\2.9\tex\context\base\supp-pdf.mkii
[Loading MPS to PDF converter (version 2006.09.02).]
\scratchcounter=\count143
\scratchdimen=\dimen185
\scratchbox=\box71
\nofMPsegments=\count144
\nofMParguments=\count145
\everyMPshowfont=\toks32
\MPscratchCnt=\count146
\MPscratchDim=\dimen186
\MPnumerator=\count147
\makeMPintoPDFobject=\count148
\everyMPtoPDFconversion=\toks33
) ABD: EveryShipout initializing macros
*geometry* driver: auto-detecting
*geometry* detected driver: pdftex
*geometry* verbose mode - [ preamble ] result:
* driver: pdftex
* paper: custom
* layout: <same size as paper>
* layoutoffset:(h,v)=(0.0pt,0.0pt)
* modes: landscape 
* h-part:(L,W,R)=(12.1637pt, 939.8493pt, 12.1637pt)
* v-part:(T,H,B)=(12.1637pt, 657.65125pt, 12.1637pt)
* \paperwidth=964.1767pt
* \paperheight=681.97864pt
* \textwidth=939.8493pt
* \textheight=657.65125pt
* \oddsidemargin=-60.1063pt
* \evensidemargin=-60.1063pt
* \topmargin=-97.1063pt
* \headheight=12.0pt
* \headsep=25.0pt
* \topskip=10.0pt
* \footskip=30.0pt
* \marginparwidth=65.0pt
* \marginparsep=11.0pt
* \columnsep=14.99634pt
* \skip\footins=9.0pt plus 4.0pt minus 2.0pt
* \hoffset=0.0pt
* \voffset=0.0pt
* \mag=1000
* \@twocolumnfalse
* \@twosidefalse
* \@mparswitchfalse
* \@reversemarginfalse
* (1in=72.27pt=25.4mm, 1cm=28.453pt)

<images/graph_occluded.pdf, id=20, 174.41159pt x 115.633pt>
File: images/graph_occluded.pdf Graphic file (type pdf)

<use images/graph_occluded.pdf>
Package pdftex.def Info: images/graph_occluded.pdf used on input line 119.
(pdftex.def)             Requested size: 75.416pt x 50.0pt.
Missing character: There is no U in font nullfont!
Missing character: There is no n in font nullfont!
Missing character: There is no i in font nullfont!
Missing character: There is no v in font nullfont!
Missing character: There is no e in font nullfont!
Missing character: There is no r in font nullfont!
Missing character: There is no s in font nullfont!
Missing character: There is no i in font nullfont!
Missing character: There is no t in font nullfont!
Missing character: There is no y in font nullfont!
Missing character: There is no o in font nullfont!
Missing character: There is no f in font nullfont!
Missing character: There is no M in font nullfont!
Missing character: There is no i in font nullfont!
Missing character: There is no n in font nullfont!
Missing character: There is no n in font nullfont!
Missing character: There is no e in font nullfont!
Missing character: There is no s in font nullfont!
Missing character: There is no o in font nullfont!
Missing character: There is no t in font nullfont!
Missing character: There is no a in font nullfont!
Missing character: There is no , in font nullfont!
Missing character: There is no T in font nullfont!
Missing character: There is no w in font nullfont!
Missing character: There is no i in font nullfont!
Missing character: There is no n in font nullfont!
Missing character: There is no C in font nullfont!
Missing character: There is no i in font nullfont!
Missing character: There is no t in font nullfont!
Missing character: There is no i in font nullfont!
Missing character: There is no e in font nullfont!
Missing character: There is no s in font nullfont!
LaTeX Font Info:    Font shape `T1/ppl/bx/n' in size <10> not available
(Font)              Font shape `T1/ppl/b/n' tried instead on input line 119.
LaTeX Font Info:    Font shape `T1/ppl/bx/n' in size <24.88> not available
(Font)              Font shape `T1/ppl/b/n' tried instead on input line 119.
LaTeX Font Info:    Font shape `T1/ppl/bx/sc' in size <24.88> not available
(Font)              Font shape `T1/ppl/b/sc' tried instead on input line 119.
LaTeX Font Info:    Try loading font information for U+msa on input line 119.

("C:\Study\LaTeX\MikTeX 2.9\tex\latex\amsfonts\umsa.fd"
File: umsa.fd 2013/01/14 v3.01 AMS symbols A
)
LaTeX Font Info:    Try loading font information for U+msb on input line 119.

("C:\Study\LaTeX\MikTeX 2.9\tex\latex\amsfonts\umsb.fd"
File: umsb.fd 2013/01/14 v3.01 AMS symbols B
)
<images/logo.pdf, id=21, 597.23125pt x 845.1575pt>
File: images/logo.pdf Graphic file (type pdf)
 <use images/logo.pdf>
Package pdftex.def Info: images/logo.pdf used on input line 122.
(pdftex.def)             Requested size: 63.59053pt x 90.0pt.
LaTeX Font Info:    Try loading font information for OMS+ppl on input line 156.


("C:\Study\LaTeX\MikTeX 2.9\tex\latex\psnfss\omsppl.fd"
File: omsppl.fd 
)
LaTeX Font Info:    Font shape `OMS/ppl/m/n' in size <10> not available
(Font)              Font shape `OMS/cmsy/m/n' tried instead on input line 156.

Underfull \hbox (badness 1609) in paragraph at lines 156--156
\T1/ppl/m/n/10 num-ber of pos-si-ble mod-els: $\OT1/cmr/m/n/10 2[]$ \T1/ppl/m/n
/10 mod-els
 []

Missing character: There is no ; in font nullfont!
Missing character: There is no ; in font nullfont!
LaTeX Font Info:    Font shape `T1/ppl/bx/n' in size <14.4> not available
(Font)              Font shape `T1/ppl/b/n' tried instead on input line 156.
LaTeX Font Info:    Font shape `T1/ppl/bx/sc' in size <14.4> not available
(Font)              Font shape `T1/ppl/b/sc' tried instead on input line 156.
Missing character: There is no ; in font nullfont!
Missing character: There is no ; in font nullfont!
Missing character: There is no ; in font nullfont!
Missing character: There is no ; in font nullfont!
Missing character: There is no ; in font nullfont!
Missing character: There is no ; in font nullfont!
Missing character: There is no ; in font nullfont!
Missing character: There is no ; in font nullfont!
Missing character: There is no ; in font nullfont!
Missing character: There is no ; in font nullfont!
Missing character: There is no ; in font nullfont!
Missing character: There is no ; in font nullfont!
Missing character: There is no ; in font nullfont!
LaTeX Font Info:    Try loading font information for T1+pcr on input line 227.
("C:\Study\LaTeX\MikTeX 2.9\tex\latex\psnfss\t1pcr.fd"
File: t1pcr.fd 2001/06/04 font definitions for T1/pcr.
)
Underfull \hbox (badness 10000) in paragraph at lines 227--227
$\T1/pcr/m/n/10 http : / / www . cs . unibas . ch / personen /$
 []

Missing character: There is no ; in font nullfont!
Missing character: There is no ; in font nullfont!
Missing character: There is no ; in font nullfont!
<images/basis-giraffe-example-frame.png, id=23, 481.8pt x 361.35pt>
File: images/basis-giraffe-example-frame.png Graphic file (type png)

<use images/basis-giraffe-example-frame.png>
Package pdftex.def Info: images/basis-giraffe-example-frame.png used on input l
ine 286.
(pdftex.def)             Requested size: 65.98991pt x 49.49141pt.

Underfull \hbox (badness 10000) in paragraph at lines 286--286

 []

<images/basis-giraffe-basis-01.png, id=24, 19.07124pt x 19.07124pt>
File: images/basis-giraffe-basis-01.png Graphic file (type png)

<use images/basis-giraffe-basis-01.png>
Package pdftex.def Info: images/basis-giraffe-basis-01.png used on input line 2
86.
(pdftex.def)             Requested size: 14.51843pt x 14.51843pt.

<images/basis-giraffe-basis-02.png, id=25, 19.07124pt x 19.07124pt>
File: images/basis-giraffe-basis-02.png Graphic file (type png)

<use images/basis-giraffe-basis-02.png>
Package pdftex.def Info: images/basis-giraffe-basis-02.png used on input line 2
86.
(pdftex.def)             Requested size: 14.51843pt x 14.51843pt.

<images/basis-giraffe-basis-03.png, id=26, 19.07124pt x 19.07124pt>
File: images/basis-giraffe-basis-03.png Graphic file (type png)

<use images/basis-giraffe-basis-03.png>
Package pdftex.def Info: images/basis-giraffe-basis-03.png used on input line 2
86.
(pdftex.def)             Requested size: 14.51843pt x 14.51843pt.

<images/basis-giraffe-basis-04.png, id=27, 19.07124pt x 19.07124pt>
File: images/basis-giraffe-basis-04.png Graphic file (type png)

<use images/basis-giraffe-basis-04.png>
Package pdftex.def Info: images/basis-giraffe-basis-04.png used on input line 2
86.
(pdftex.def)             Requested size: 14.51843pt x 14.51843pt.

<images/basis-giraffe-basis-05.png, id=28, 19.07124pt x 19.07124pt>
File: images/basis-giraffe-basis-05.png Graphic file (type png)

<use images/basis-giraffe-basis-05.png>
Package pdftex.def Info: images/basis-giraffe-basis-05.png used on input line 2
86.
(pdftex.def)             Requested size: 14.51843pt x 14.51843pt.

<images/basis-giraffe-basis-06.png, id=29, 19.07124pt x 19.07124pt>
File: images/basis-giraffe-basis-06.png Graphic file (type png)

<use images/basis-giraffe-basis-06.png>
Package pdftex.def Info: images/basis-giraffe-basis-06.png used on input line 2
86.
(pdftex.def)             Requested size: 14.51843pt x 14.51843pt.

<images/basis-giraffe-basis-07.png, id=30, 19.07124pt x 19.07124pt>
File: images/basis-giraffe-basis-07.png Graphic file (type png)

<use images/basis-giraffe-basis-07.png>
Package pdftex.def Info: images/basis-giraffe-basis-07.png used on input line 2
86.
(pdftex.def)             Requested size: 14.51843pt x 14.51843pt.

<images/basis-giraffe-basis-08.png, id=31, 19.07124pt x 19.07124pt>
File: images/basis-giraffe-basis-08.png Graphic file (type png)

<use images/basis-giraffe-basis-08.png>
Package pdftex.def Info: images/basis-giraffe-basis-08.png used on input line 2
86.
(pdftex.def)             Requested size: 14.51843pt x 14.51843pt.

<images/basis-giraffe-basis-09.png, id=32, 19.07124pt x 19.07124pt>
File: images/basis-giraffe-basis-09.png Graphic file (type png)

<use images/basis-giraffe-basis-09.png>
Package pdftex.def Info: images/basis-giraffe-basis-09.png used on input line 2
86.
(pdftex.def)             Requested size: 14.51843pt x 14.51843pt.

<images/basis-giraffe-basis-10.png, id=33, 19.07124pt x 19.07124pt>
File: images/basis-giraffe-basis-10.png Graphic file (type png)

<use images/basis-giraffe-basis-10.png>
Package pdftex.def Info: images/basis-giraffe-basis-10.png used on input line 2
86.
(pdftex.def)             Requested size: 14.51843pt x 14.51843pt.

<images/basis-giraffe-basis-11.png, id=34, 19.07124pt x 19.07124pt>
File: images/basis-giraffe-basis-11.png Graphic file (type png)

<use images/basis-giraffe-basis-11.png>
Package pdftex.def Info: images/basis-giraffe-basis-11.png used on input line 2
86.
(pdftex.def)             Requested size: 14.51843pt x 14.51843pt.

<images/basis-giraffe-basis-12.png, id=35, 19.07124pt x 19.07124pt>
File: images/basis-giraffe-basis-12.png Graphic file (type png)

<use images/basis-giraffe-basis-12.png>
Package pdftex.def Info: images/basis-giraffe-basis-12.png used on input line 2
86.
(pdftex.def)             Requested size: 14.51843pt x 14.51843pt.

<images/basis-giraffe-basis-13.png, id=36, 19.07124pt x 19.07124pt>
File: images/basis-giraffe-basis-13.png Graphic file (type png)

<use images/basis-giraffe-basis-13.png>
Package pdftex.def Info: images/basis-giraffe-basis-13.png used on input line 2
86.
(pdftex.def)             Requested size: 14.51843pt x 14.51843pt.

<images/basis-giraffe-basis-14.png, id=37, 19.07124pt x 19.07124pt>
File: images/basis-giraffe-basis-14.png Graphic file (type png)

<use images/basis-giraffe-basis-14.png>
Package pdftex.def Info: images/basis-giraffe-basis-14.png used on input line 2
86.
(pdftex.def)             Requested size: 14.51843pt x 14.51843pt.

<images/basis-giraffe-basis-15.png, id=38, 19.07124pt x 19.07124pt>
File: images/basis-giraffe-basis-15.png Graphic file (type png)

<use images/basis-giraffe-basis-15.png>
Package pdftex.def Info: images/basis-giraffe-basis-15.png used on input line 2
86.
(pdftex.def)             Requested size: 14.51843pt x 14.51843pt.

<images/basis-giraffe-basis-16.png, id=39, 19.07124pt x 19.07124pt>
File: images/basis-giraffe-basis-16.png Graphic file (type png)

<use images/basis-giraffe-basis-16.png>
Package pdftex.def Info: images/basis-giraffe-basis-16.png used on input line 2
86.
(pdftex.def)             Requested size: 14.51843pt x 14.51843pt.

Underfull \hbox (badness 10000) in paragraph at lines 286--286

 []

<images/basis-giraffe-response-01.png, id=40, 481.8pt x 361.35pt>
File: images/basis-giraffe-response-01.png Graphic file (type png)

<use images/basis-giraffe-response-01.png>
Package pdftex.def Info: images/basis-giraffe-response-01.png used on input lin
e 286.
(pdftex.def)             Requested size: 14.51218pt x 10.88414pt.

<images/basis-giraffe-response-02.png, id=41, 481.8pt x 361.35pt>
File: images/basis-giraffe-response-02.png Graphic file (type png)

<use images/basis-giraffe-response-02.png>
Package pdftex.def Info: images/basis-giraffe-response-02.png used on input lin
e 286.
(pdftex.def)             Requested size: 14.51218pt x 10.88414pt.

<images/basis-giraffe-response-03.png, id=42, 481.8pt x 361.35pt>
File: images/basis-giraffe-response-03.png Graphic file (type png)

<use images/basis-giraffe-response-03.png>
Package pdftex.def Info: images/basis-giraffe-response-03.png used on input lin
e 286.
(pdftex.def)             Requested size: 14.51218pt x 10.88414pt.

<images/basis-giraffe-response-04.png, id=43, 481.8pt x 361.35pt>
File: images/basis-giraffe-response-04.png Graphic file (type png)

<use images/basis-giraffe-response-04.png>
Package pdftex.def Info: images/basis-giraffe-response-04.png used on input lin
e 286.
(pdftex.def)             Requested size: 14.51218pt x 10.88414pt.

<images/basis-giraffe-response-05.png, id=44, 481.8pt x 361.35pt>
File: images/basis-giraffe-response-05.png Graphic file (type png)

<use images/basis-giraffe-response-05.png>
Package pdftex.def Info: images/basis-giraffe-response-05.png used on input lin
e 286.
(pdftex.def)             Requested size: 14.51218pt x 10.88414pt.

<images/basis-giraffe-response-06.png, id=45, 481.8pt x 361.35pt>
File: images/basis-giraffe-response-06.png Graphic file (type png)

<use images/basis-giraffe-response-06.png>
Package pdftex.def Info: images/basis-giraffe-response-06.png used on input lin
e 286.
(pdftex.def)             Requested size: 14.51218pt x 10.88414pt.

<images/basis-giraffe-response-07.png, id=46, 481.8pt x 361.35pt>
File: images/basis-giraffe-response-07.png Graphic file (type png)

<use images/basis-giraffe-response-07.png>
Package pdftex.def Info: images/basis-giraffe-response-07.png used on input lin
e 286.
(pdftex.def)             Requested size: 14.51218pt x 10.88414pt.

<images/basis-giraffe-response-08.png, id=47, 481.8pt x 361.35pt>
File: images/basis-giraffe-response-08.png Graphic file (type png)

<use images/basis-giraffe-response-08.png>
Package pdftex.def Info: images/basis-giraffe-response-08.png used on input lin
e 286.
(pdftex.def)             Requested size: 14.51218pt x 10.88414pt.

<images/basis-giraffe-response-09.png, id=48, 481.8pt x 361.35pt>
File: images/basis-giraffe-response-09.png Graphic file (type png)

<use images/basis-giraffe-response-09.png>
Package pdftex.def Info: images/basis-giraffe-response-09.png used on input lin
e 286.
(pdftex.def)             Requested size: 14.51218pt x 10.88414pt.

<images/basis-giraffe-response-10.png, id=49, 481.8pt x 361.35pt>
File: images/basis-giraffe-response-10.png Graphic file (type png)

<use images/basis-giraffe-response-10.png>
Package pdftex.def Info: images/basis-giraffe-response-10.png used on input lin
e 286.
(pdftex.def)             Requested size: 14.51218pt x 10.88414pt.

<images/basis-giraffe-response-11.png, id=50, 481.8pt x 361.35pt>
File: images/basis-giraffe-response-11.png Graphic file (type png)

<use images/basis-giraffe-response-11.png>
Package pdftex.def Info: images/basis-giraffe-response-11.png used on input lin
e 286.
(pdftex.def)             Requested size: 14.51218pt x 10.88414pt.

<images/basis-giraffe-response-12.png, id=51, 481.8pt x 361.35pt>
File: images/basis-giraffe-response-12.png Graphic file (type png)

<use images/basis-giraffe-response-12.png>
Package pdftex.def Info: images/basis-giraffe-response-12.png used on input lin
e 286.
(pdftex.def)             Requested size: 14.51218pt x 10.88414pt.

<images/basis-giraffe-response-13.png, id=52, 481.8pt x 361.35pt>
File: images/basis-giraffe-response-13.png Graphic file (type png)

<use images/basis-giraffe-response-13.png>
Package pdftex.def Info: images/basis-giraffe-response-13.png used on input lin
e 286.
(pdftex.def)             Requested size: 14.51218pt x 10.88414pt.

<images/basis-giraffe-response-14.png, id=53, 481.8pt x 361.35pt>
File: images/basis-giraffe-response-14.png Graphic file (type png)

<use images/basis-giraffe-response-14.png>
Package pdftex.def Info: images/basis-giraffe-response-14.png used on input lin
e 286.
(pdftex.def)             Requested size: 14.51218pt x 10.88414pt.

<images/basis-giraffe-response-15.png, id=54, 481.8pt x 361.35pt>
File: images/basis-giraffe-response-15.png Graphic file (type png)

<use images/basis-giraffe-response-15.png>
Package pdftex.def Info: images/basis-giraffe-response-15.png used on input lin
e 286.
(pdftex.def)             Requested size: 14.51218pt x 10.88414pt.

<images/basis-giraffe-response-16.png, id=55, 481.8pt x 361.35pt>
File: images/basis-giraffe-response-16.png Graphic file (type png)

<use images/basis-giraffe-response-16.png>
Package pdftex.def Info: images/basis-giraffe-response-16.png used on input lin
e 286.
(pdftex.def)             Requested size: 14.51218pt x 10.88414pt.

Underfull \hbox (badness 10000) in paragraph at lines 286--286
[][]
 []


Underfull \hbox (badness 10000) in paragraph at lines 286--286

 []


Overfull \hbox (2.00558pt too wide) in paragraph at lines 286--286
[] 
 []

Missing character: There is no ; in font nullfont!
Missing character: There is no ; in font nullfont!
Missing character: There is no ; in font nullfont!
File: images/graph_occluded.pdf Graphic file (type pdf)
<use images/graph_occluded.pdf>
Package pdftex.def Info: images/graph_occluded.pdf used on input line 300.
(pdftex.def)             Requested size: 206.58853pt x 136.96976pt.
Missing character: There is no ; in font nullfont!
Missing character: There is no ; in font nullfont!
Missing character: There is no ; in font nullfont!

<images/candidates_lips_ridge_left_bg.png, id=56, 1083.04625pt x 868.24374pt>
File: images/candidates_lips_ridge_left_bg.png Graphic file (type png)

<use images/candidates_lips_ridge_left_bg.png>
Package pdftex.def Info: images/candidates_lips_ridge_left_bg.png used on input
 line 324.
(pdftex.def)             Requested size: 86.9836pt x 69.72588pt.

<images/candidates_lips_ridge_left_no_bg.png, id=57, 1083.04625pt x 868.24374pt
>
File: images/candidates_lips_ridge_left_no_bg.png Graphic file (type png)
 <use images/candidates_lips_ridge_left_no_bg.png>
Package pdftex.def Info: images/candidates_lips_ridge_left_no_bg.png used on in
put line 324.
(pdftex.def)             Requested size: 86.9836pt x 69.72588pt.

Underfull \hbox (badness 10000) in paragraph at lines 324--324
[]
 []

Missing character: There is no ; in font nullfont!
Missing character: There is no ; in font nullfont!
Missing character: There is no ; in font nullfont!
[2

{C:/Users/Subho/AppData/Local/MiKTeX/2.9/pdftex/config/pdftex.map} <C:/Study/My
 projects/Climate-indian monsoon/MS/images/graph_occluded.pdf> <C:/Study/My pro
jects/Climate-indian monsoon/MS/images/logo.pdf> <C:/Study/My projects/Climate-
indian monsoon/MS/images/basis-giraffe-example-frame.png (PNG copy)> <C:/Study/
My projects/Climate-indian monsoon/MS/images/basis-giraffe-basis-01.png (PNG co
py)> <C:/Study/My projects/Climate-indian monsoon/MS/images/basis-giraffe-basis
-02.png (PNG copy)> <C:/Study/My projects/Climate-indian monsoon/MS/images/basi
s-giraffe-basis-03.png (PNG copy)> <C:/Study/My projects/Climate-indian monsoon
/MS/images/basis-giraffe-basis-04.png (PNG copy)> <C:/Study/My projects/Climate
-indian monsoon/MS/images/basis-giraffe-basis-05.png (PNG copy)> <C:/Study/My p
rojects/Climate-indian monsoon/MS/images/basis-giraffe-basis-06.png (PNG copy)>
 <C:/Study/My projects/Climate-indian monsoon/MS/images/basis-giraffe-basis-07.
png (PNG copy)> <C:/Study/My projects/Climate-indian monsoon/MS/images/basis-gi
raffe-basis-08.png (PNG copy)> <C:/Study/My projects/Climate-indian monsoon/MS/
images/basis-giraffe-basis-09.png (PNG copy)> <C:/Study/My projects/Climate-ind
ian monsoon/MS/images/basis-giraffe-basis-10.png (PNG copy)> <C:/Study/My proje
cts/Climate-indian monsoon/MS/images/basis-giraffe-basis-11.png (PNG copy)> <C:
/Study/My projects/Climate-indian monsoon/MS/images/basis-giraffe-basis-12.png 
(PNG copy)> <C:/Study/My projects/Climate-indian monsoon/MS/images/basis-giraff
e-basis-13.png (PNG copy)> <C:/Study/My projects/Climate-indian monsoon/MS/imag
es/basis-giraffe-basis-14.png (PNG copy)> <C:/Study/My projects/Climate-indian 
monsoon/MS/images/basis-giraffe-basis-15.png (PNG copy)> <C:/Study/My projects/
Climate-indian monsoon/MS/images/basis-giraffe-basis-16.png (PNG copy)> <C:/Stu
dy/My projects/Climate-indian monsoon/MS/images/basis-giraffe-response-01.png (
PNG copy)> <C:/Study/My projects/Climate-indian monsoon/MS/images/basis-giraffe
-response-02.png (PNG copy)> <C:/Study/My projects/Climate-indian monsoon/MS/im
ages/basis-giraffe-response-03.png (PNG copy)> <C:/Study/My projects/Climate-in
dian monsoon/MS/images/basis-giraffe-response-04.png (PNG copy)> <C:/Study/My p
rojects/Climate-indian monsoon/MS/images/basis-giraffe-response-05.png (PNG cop
y)> <C:/Study/My projects/Climate-indian monsoon/MS/images/basis-giraffe-respon
se-06.png (PNG copy)> <C:/Study/My projects/Climate-indian monsoon/MS/images/ba
sis-giraffe-response-07.png (PNG copy)> <C:/Study/My projects/Climate-indian mo
nsoon/MS/images/basis-giraffe-response-08.png (PNG copy)> <C:/Study/My projects
/Climate-indian monsoon/MS/images/basis-giraffe-response-09.png (PNG copy)> <C:
/Study/My projects/Climate-indian monsoon/MS/images/basis-giraffe-response-10.p
ng (PNG copy)> <C:/Study/My projects/Climate-indian monsoon/MS/images/basis-gir
affe-response-11.png (PNG copy)> <C:/Study/My projects/Climate-indian monsoon/M
S/images/basis-giraffe-response-12.png (PNG copy)> <C:/Study/My projects/Climat
e-indian monsoon/MS/images/basis-giraffe-response-13.png (PNG copy)> <C:/Study/
My projects/Climate-indian monsoon/MS/images/basis-giraffe-response-14.png (PNG
 copy)> <C:/Study/My projects/Climate-indian monsoon/MS/images/basis-giraffe-re
sponse-15.png (PNG copy)> <C:/Study/My projects/Climate-indian monsoon/MS/image
s/basis-giraffe-response-16.png (PNG copy)> <C:/Study/My projects/Climate-india
n monsoon/MS/images/candidates_lips_ridge_left_bg.png> <C:/Study/My projects/Cl
imate-indian monsoon/MS/images/candidates_lips_ridge_left_no_bg.png>]
("C:\Study\My projects\Climate-indian monsoon\MS\poster_landscape.aux") ) 
Here is how much of TeX's memory you used:
 13961 strings out of 493921
 271576 string characters out of 3148084
 357557 words of memory out of 3000000
 16895 multiletter control sequences out of 15000+200000
 26738 words of font info for 55 fonts, out of 3000000 for 9000
 841 hyphenation exceptions out of 8191
 63i,24n,70p,428b,1083s stack positions out of 5000i,500n,10000p,200000b,50000s
{C:/St
udy/LaTeX/MikTeX 2.9/fonts/enc/dvips/fontname/8r.enc}<C:/Study/LaTeX/MikTeX 2.9
/fonts/type1/public/amsfonts/cm/cmmi10.pfb><C:/Study/LaTeX/MikTeX 2.9/fonts/typ
e1/public/amsfonts/cm/cmmi7.pfb><C:/Study/LaTeX/MikTeX 2.9/fonts/type1/public/a
msfonts/cm/cmr10.pfb><C:/Study/LaTeX/MikTeX 2.9/fonts/type1/public/amsfonts/cm/
cmsy10.pfb><C:/Study/LaTeX/MikTeX 2.9/fonts/type1/urw/courier/ucrr8a.pfb><C:/St
udy/LaTeX/MikTeX 2.9/fonts/type1/urw/palatino/uplb8a.pfb><C:/Study/LaTeX/MikTeX
 2.9/fonts/type1/urw/palatino/uplr8a.pfb><C:/Study/LaTeX/MikTeX 2.9/fonts/type1
/urw/palatino/uplri8a.pfb><C:/Study/LaTeX/MikTeX 2.9/fonts/type1/urw/times/utmr
8a.pfb>
Output written on poster_landscape.pdf (1 page, 2883414 bytes).
PDF statistics:
 112 PDF objects out of 1000 (max. 8388607)
 0 named destinations out of 1000 (max. 500000)
 300 words of extra memory for PDF output out of 10000 (max. 10000000)

